[ 2021-05-25T15:01:15+08:00 ] ::1 /union-master/union/admin.php/login/index.html
INFO: [ app_init ] --START--
INFO: Run Behavior\BuildLiteBehavior [ RunTime:0.000014s ]
INFO: [ app_init ] --END-- [ RunTime:0.000160s ]
ERR: 无法加载模块:Union

[ 2021-05-25T16:11:20+08:00 ] ::1 /union/admin.php/Login/index
INFO: [ app_init ] --START--
INFO: Run Behavior\BuildLiteBehavior [ RunTime:0.000015s ]
INFO: [ app_init ] --END-- [ RunTime:0.000153s ]
ERR: 无法加载模块:Admin.php

[ 2021-05-25T16:24:21+08:00 ] ::1 /union/admin.php/Login/index
INFO: [ app_init ] --START--
INFO: Run Behavior\BuildLiteBehavior [ RunTime:0.000015s ]
INFO: [ app_init ] --END-- [ RunTime:0.000143s ]
ERR: 无法加载模块:Admin.php

[ 2021-05-25T16:26:48+08:00 ] ::1 /union/public/Admin/js/plugins/layer/skin/layer.css
INFO: [ app_init ] --START--
INFO: Run Behavior\BuildLiteBehavior [ RunTime:0.000019s ]
INFO: [ app_init ] --END-- [ RunTime:0.000124s ]
ERR: 无法加载模块:Public

[ 2021-05-25T16:26:48+08:00 ] ::1 /union/public/Admin/js/plugins/layer/extend/layer.ext.js
INFO: [ app_init ] --START--
INFO: Run Behavior\BuildLiteBehavior [ RunTime:0.000033s ]
INFO: [ app_init ] --END-- [ RunTime:0.000214s ]
ERR: 无法加载模块:Public

