[ 2021-05-25T15:02:00+08:00 ] ::1 //union/admin.php/login/index.html
INFO: [ app_init ] --START--
INFO: Run Behavior\BuildLiteBehavior [ RunTime:0.000025s ]
INFO: [ app_init ] --END-- [ RunTime:0.000632s ]
INFO: [ app_begin ] --START--
INFO: Run Behavior\ReadHtmlCacheBehavior [ RunTime:0.000908s ]
INFO: [ app_begin ] --END-- [ RunTime:0.000974s ]
INFO: [ view_parse ] --START--
INFO: [ template_filter ] --START--
INFO: Run Behavior\ContentReplaceBehavior [ RunTime:0.001738s ]
INFO: [ template_filter ] --END-- [ RunTime:0.001812s ]
INFO: Run Behavior\ParseTemplateBehavior [ RunTime:0.012683s ]
INFO: [ view_parse ] --END-- [ RunTime:0.012743s ]
INFO: [ view_filter ] --START--
INFO: Run Behavior\WriteHtmlCacheBehavior [ RunTime:0.000465s ]
INFO: [ view_filter ] --END-- [ RunTime:0.000516s ]
INFO: [ app_end ] --START--
INFO: Run Behavior\ShowPageTraceBehavior [ RunTime:0.000685s ]
INFO: [ app_end ] --END-- [ RunTime:0.000736s ]

[ 2021-05-25T15:02:00+08:00 ] ::1 /union/admin.php/Login/verify.html
INFO: [ app_init ] --START--
INFO: Run Behavior\BuildLiteBehavior [ RunTime:0.000025s ]
INFO: [ app_init ] --END-- [ RunTime:0.000139s ]
INFO: [ app_begin ] --START--
INFO: Run Behavior\ReadHtmlCacheBehavior [ RunTime:0.000184s ]
INFO: [ app_begin ] --END-- [ RunTime:0.000249s ]
INFO: [ app_end ] --START--
INFO: Run Behavior\ShowPageTraceBehavior [ RunTime:0.000253s ]
INFO: [ app_end ] --END-- [ RunTime:0.000350s ]

[ 2021-05-25T15:02:06+08:00 ] ::1 //union/admin.php/login/index.html
INFO: [ app_init ] --START--
INFO: Run Behavior\BuildLiteBehavior [ RunTime:0.000013s ]
INFO: [ app_init ] --END-- [ RunTime:0.000146s ]
INFO: [ app_begin ] --START--
INFO: Run Behavior\ReadHtmlCacheBehavior [ RunTime:0.000197s ]
INFO: [ app_begin ] --END-- [ RunTime:0.000250s ]
INFO: [ view_parse ] --START--
INFO: [ template_filter ] --START--
INFO: Run Behavior\ContentReplaceBehavior [ RunTime:0.000057s ]
INFO: [ template_filter ] --END-- [ RunTime:0.000113s ]
INFO: Run Behavior\ParseTemplateBehavior [ RunTime:0.004358s ]
INFO: [ view_parse ] --END-- [ RunTime:0.004415s ]
INFO: [ view_filter ] --START--
INFO: Run Behavior\WriteHtmlCacheBehavior [ RunTime:0.000205s ]
INFO: [ view_filter ] --END-- [ RunTime:0.000253s ]
INFO: [ app_end ] --START--
INFO: Run Behavior\ShowPageTraceBehavior [ RunTime:0.000173s ]
INFO: [ app_end ] --END-- [ RunTime:0.000222s ]

[ 2021-05-25T15:02:06+08:00 ] ::1 /union/admin.php/Login/verify.html
INFO: [ app_init ] --START--
INFO: Run Behavior\BuildLiteBehavior [ RunTime:0.000027s ]
INFO: [ app_init ] --END-- [ RunTime:0.000112s ]
INFO: [ app_begin ] --START--
INFO: Run Behavior\ReadHtmlCacheBehavior [ RunTime:0.000161s ]
INFO: [ app_begin ] --END-- [ RunTime:0.000273s ]
INFO: [ app_end ] --START--
INFO: Run Behavior\ShowPageTraceBehavior [ RunTime:0.000224s ]
INFO: [ app_end ] --END-- [ RunTime:0.000323s ]

[ 2021-05-25T15:03:23+08:00 ] 127.0.0.1 //union/admin.php/login/index.html
INFO: [ app_init ] --START--
INFO: Run Behavior\BuildLiteBehavior [ RunTime:0.000014s ]
INFO: [ app_init ] --END-- [ RunTime:0.000106s ]
INFO: [ app_begin ] --START--
INFO: Run Behavior\ReadHtmlCacheBehavior [ RunTime:0.000103s ]
INFO: [ app_begin ] --END-- [ RunTime:0.000153s ]
INFO: [ view_parse ] --START--
INFO: [ template_filter ] --START--
INFO: Run Behavior\ContentReplaceBehavior [ RunTime:0.000044s ]
INFO: [ template_filter ] --END-- [ RunTime:0.000097s ]
INFO: Run Behavior\ParseTemplateBehavior [ RunTime:0.002619s ]
INFO: [ view_parse ] --END-- [ RunTime:0.002678s ]
INFO: [ view_filter ] --START--
INFO: Run Behavior\WriteHtmlCacheBehavior [ RunTime:0.000118s ]
INFO: [ view_filter ] --END-- [ RunTime:0.000166s ]
INFO: [ app_end ] --START--
INFO: Run Behavior\ShowPageTraceBehavior [ RunTime:0.000104s ]
INFO: [ app_end ] --END-- [ RunTime:0.000151s ]

[ 2021-05-25T15:14:39+08:00 ] ::1 //union/admin.php/login/index.html
INFO: [ app_init ] --START--
INFO: Run Behavior\BuildLiteBehavior [ RunTime:0.000021s ]
INFO: [ app_init ] --END-- [ RunTime:0.000216s ]
INFO: [ app_begin ] --START--
INFO: Run Behavior\ReadHtmlCacheBehavior [ RunTime:0.000246s ]
INFO: [ app_begin ] --END-- [ RunTime:0.000307s ]
INFO: [ view_parse ] --START--
INFO: [ template_filter ] --START--
INFO: Run Behavior\ContentReplaceBehavior [ RunTime:0.000059s ]
INFO: [ template_filter ] --END-- [ RunTime:0.000124s ]
INFO: Run Behavior\ParseTemplateBehavior [ RunTime:0.016350s ]
INFO: [ view_parse ] --END-- [ RunTime:0.016415s ]
INFO: [ view_filter ] --START--
INFO: Run Behavior\WriteHtmlCacheBehavior [ RunTime:0.000222s ]
INFO: [ view_filter ] --END-- [ RunTime:0.000272s ]
INFO: [ app_end ] --START--
INFO: Run Behavior\ShowPageTraceBehavior [ RunTime:0.000174s ]
INFO: [ app_end ] --END-- [ RunTime:0.000221s ]

[ 2021-05-25T15:14:39+08:00 ] ::1 /union/admin.php/Login/verify.html
INFO: [ app_init ] --START--
INFO: Run Behavior\BuildLiteBehavior [ RunTime:0.000016s ]
INFO: [ app_init ] --END-- [ RunTime:0.000089s ]
INFO: [ app_begin ] --START--
INFO: Run Behavior\ReadHtmlCacheBehavior [ RunTime:0.000211s ]
INFO: [ app_begin ] --END-- [ RunTime:0.000342s ]
INFO: [ app_end ] --START--
INFO: Run Behavior\ShowPageTraceBehavior [ RunTime:0.000200s ]
INFO: [ app_end ] --END-- [ RunTime:0.000321s ]

[ 2021-05-25T15:14:44+08:00 ] ::1 //union/admin.php/login/index.html
INFO: [ app_init ] --START--
INFO: Run Behavior\BuildLiteBehavior [ RunTime:0.000016s ]
INFO: [ app_init ] --END-- [ RunTime:0.000109s ]
INFO: [ app_begin ] --START--
INFO: Run Behavior\ReadHtmlCacheBehavior [ RunTime:0.000253s ]
INFO: [ app_begin ] --END-- [ RunTime:0.000305s ]
INFO: [ view_parse ] --START--
INFO: [ template_filter ] --START--
INFO: Run Behavior\ContentReplaceBehavior [ RunTime:0.000045s ]
INFO: [ template_filter ] --END-- [ RunTime:0.000099s ]
INFO: Run Behavior\ParseTemplateBehavior [ RunTime:0.002674s ]
INFO: [ view_parse ] --END-- [ RunTime:0.002730s ]
INFO: [ view_filter ] --START--
INFO: Run Behavior\WriteHtmlCacheBehavior [ RunTime:0.000126s ]
INFO: [ view_filter ] --END-- [ RunTime:0.000173s ]
INFO: [ app_end ] --START--
INFO: Run Behavior\ShowPageTraceBehavior [ RunTime:0.000131s ]
INFO: [ app_end ] --END-- [ RunTime:0.000192s ]

[ 2021-05-25T15:14:44+08:00 ] ::1 /union/admin.php/Login/verify.html
INFO: [ app_init ] --START--
INFO: Run Behavior\BuildLiteBehavior [ RunTime:0.000014s ]
INFO: [ app_init ] --END-- [ RunTime:0.000080s ]
INFO: [ app_begin ] --START--
INFO: Run Behavior\ReadHtmlCacheBehavior [ RunTime:0.000086s ]
INFO: [ app_begin ] --END-- [ RunTime:0.000136s ]
INFO: [ app_end ] --START--
INFO: Run Behavior\ShowPageTraceBehavior [ RunTime:0.000169s ]
INFO: [ app_end ] --END-- [ RunTime:0.000250s ]

[ 2021-05-25T15:35:11+08:00 ] ::1 //union/
INFO: [ app_init ] --START--
INFO: Run Behavior\BuildLiteBehavior [ RunTime:0.000016s ]
INFO: [ app_init ] --END-- [ RunTime:0.000324s ]
INFO: [ app_begin ] --START--
INFO: Run Behavior\ReadHtmlCacheBehavior [ RunTime:0.000221s ]
INFO: [ app_begin ] --END-- [ RunTime:0.000273s ]
SQL: SHOW COLUMNS FROM `union_admin` [ RunTime:0.0040s ]
SQL: SELECT `role_id` FROM `union_admin` WHERE `id` = null LIMIT 1   [ RunTime:0.0067s ]
SQL: SHOW COLUMNS FROM `union_role` [ RunTime:0.0010s ]
SQL: SELECT `auth` FROM `union_role` WHERE `id` = null LIMIT 1   [ RunTime:0.0084s ]
SQL: SELECT `username` FROM `union_admin` WHERE `id` = null LIMIT 1   [ RunTime:0.0002s ]
SQL: SELECT `images_id` FROM `union_admin` WHERE `id` = null LIMIT 1   [ RunTime:0.0002s ]
SQL: SELECT `name` FROM `union_role` WHERE `id` = null LIMIT 1   [ RunTime:0.0002s ]
INFO: [ view_parse ] --START--
INFO: [ template_filter ] --START--
INFO: Run Behavior\ContentReplaceBehavior [ RunTime:0.000098s ]
INFO: [ template_filter ] --END-- [ RunTime:0.000157s ]
NOTIC: [2] in_array() expects parameter 2 to be array, bool given C:\wamp64\www\union\Application\Runtime\Cache\Admin\b595b808c2ebeeeb0478ffc30bb4e87a.php 第 64 行.
NOTIC: [2] in_array() expects parameter 2 to be array, bool given C:\wamp64\www\union\Application\Runtime\Cache\Admin\b595b808c2ebeeeb0478ffc30bb4e87a.php 第 72 行.
NOTIC: [2] in_array() expects parameter 2 to be array, bool given C:\wamp64\www\union\Application\Runtime\Cache\Admin\b595b808c2ebeeeb0478ffc30bb4e87a.php 第 80 行.
NOTIC: [2] in_array() expects parameter 2 to be array, bool given C:\wamp64\www\union\Application\Runtime\Cache\Admin\b595b808c2ebeeeb0478ffc30bb4e87a.php 第 91 行.
NOTIC: [2] in_array() expects parameter 2 to be array, bool given C:\wamp64\www\union\Application\Runtime\Cache\Admin\b595b808c2ebeeeb0478ffc30bb4e87a.php 第 99 行.
NOTIC: [2] in_array() expects parameter 2 to be array, bool given C:\wamp64\www\union\Application\Runtime\Cache\Admin\b595b808c2ebeeeb0478ffc30bb4e87a.php 第 105 行.
NOTIC: [2] in_array() expects parameter 2 to be array, bool given C:\wamp64\www\union\Application\Runtime\Cache\Admin\b595b808c2ebeeeb0478ffc30bb4e87a.php 第 114 行.
NOTIC: [2] in_array() expects parameter 2 to be array, bool given C:\wamp64\www\union\Application\Runtime\Cache\Admin\b595b808c2ebeeeb0478ffc30bb4e87a.php 第 122 行.
NOTIC: [2] in_array() expects parameter 2 to be array, bool given C:\wamp64\www\union\Application\Runtime\Cache\Admin\b595b808c2ebeeeb0478ffc30bb4e87a.php 第 128 行.
NOTIC: [2] in_array() expects parameter 2 to be array, bool given C:\wamp64\www\union\Application\Runtime\Cache\Admin\b595b808c2ebeeeb0478ffc30bb4e87a.php 第 137 行.
NOTIC: [2] in_array() expects parameter 2 to be array, bool given C:\wamp64\www\union\Application\Runtime\Cache\Admin\b595b808c2ebeeeb0478ffc30bb4e87a.php 第 145 行.
NOTIC: [2] in_array() expects parameter 2 to be array, bool given C:\wamp64\www\union\Application\Runtime\Cache\Admin\b595b808c2ebeeeb0478ffc30bb4e87a.php 第 151 行.
NOTIC: [2] in_array() expects parameter 2 to be array, bool given C:\wamp64\www\union\Application\Runtime\Cache\Admin\b595b808c2ebeeeb0478ffc30bb4e87a.php 第 157 行.
NOTIC: [2] in_array() expects parameter 2 to be array, bool given C:\wamp64\www\union\Application\Runtime\Cache\Admin\b595b808c2ebeeeb0478ffc30bb4e87a.php 第 163 行.
NOTIC: [2] in_array() expects parameter 2 to be array, bool given C:\wamp64\www\union\Application\Runtime\Cache\Admin\b595b808c2ebeeeb0478ffc30bb4e87a.php 第 172 行.
NOTIC: [2] in_array() expects parameter 2 to be array, bool given C:\wamp64\www\union\Application\Runtime\Cache\Admin\b595b808c2ebeeeb0478ffc30bb4e87a.php 第 180 行.
NOTIC: [2] in_array() expects parameter 2 to be array, bool given C:\wamp64\www\union\Application\Runtime\Cache\Admin\b595b808c2ebeeeb0478ffc30bb4e87a.php 第 186 行.
NOTIC: [2] in_array() expects parameter 2 to be array, bool given C:\wamp64\www\union\Application\Runtime\Cache\Admin\b595b808c2ebeeeb0478ffc30bb4e87a.php 第 195 行.
NOTIC: [2] in_array() expects parameter 2 to be array, bool given C:\wamp64\www\union\Application\Runtime\Cache\Admin\b595b808c2ebeeeb0478ffc30bb4e87a.php 第 203 行.
NOTIC: [2] in_array() expects parameter 2 to be array, bool given C:\wamp64\www\union\Application\Runtime\Cache\Admin\b595b808c2ebeeeb0478ffc30bb4e87a.php 第 215 行.
NOTIC: [2] in_array() expects parameter 2 to be array, bool given C:\wamp64\www\union\Application\Runtime\Cache\Admin\b595b808c2ebeeeb0478ffc30bb4e87a.php 第 223 行.
NOTIC: [2] in_array() expects parameter 2 to be array, bool given C:\wamp64\www\union\Application\Runtime\Cache\Admin\b595b808c2ebeeeb0478ffc30bb4e87a.php 第 229 行.
NOTIC: [2] in_array() expects parameter 2 to be array, bool given C:\wamp64\www\union\Application\Runtime\Cache\Admin\b595b808c2ebeeeb0478ffc30bb4e87a.php 第 238 行.
NOTIC: [2] in_array() expects parameter 2 to be array, bool given C:\wamp64\www\union\Application\Runtime\Cache\Admin\b595b808c2ebeeeb0478ffc30bb4e87a.php 第 246 行.
NOTIC: [2] in_array() expects parameter 2 to be array, bool given C:\wamp64\www\union\Application\Runtime\Cache\Admin\b595b808c2ebeeeb0478ffc30bb4e87a.php 第 252 行.
NOTIC: [2] in_array() expects parameter 2 to be array, bool given C:\wamp64\www\union\Application\Runtime\Cache\Admin\b595b808c2ebeeeb0478ffc30bb4e87a.php 第 261 行.
NOTIC: [2] in_array() expects parameter 2 to be array, bool given C:\wamp64\www\union\Application\Runtime\Cache\Admin\b595b808c2ebeeeb0478ffc30bb4e87a.php 第 269 行.
NOTIC: [2] in_array() expects parameter 2 to be array, bool given C:\wamp64\www\union\Application\Runtime\Cache\Admin\b595b808c2ebeeeb0478ffc30bb4e87a.php 第 275 行.
NOTIC: [2] in_array() expects parameter 2 to be array, bool given C:\wamp64\www\union\Application\Runtime\Cache\Admin\b595b808c2ebeeeb0478ffc30bb4e87a.php 第 284 行.
NOTIC: [2] in_array() expects parameter 2 to be array, bool given C:\wamp64\www\union\Application\Runtime\Cache\Admin\b595b808c2ebeeeb0478ffc30bb4e87a.php 第 291 行.
NOTIC: [2] in_array() expects parameter 2 to be array, bool given C:\wamp64\www\union\Application\Runtime\Cache\Admin\b595b808c2ebeeeb0478ffc30bb4e87a.php 第 299 行.
NOTIC: [2] in_array() expects parameter 2 to be array, bool given C:\wamp64\www\union\Application\Runtime\Cache\Admin\b595b808c2ebeeeb0478ffc30bb4e87a.php 第 307 行.
INFO: Run Behavior\ParseTemplateBehavior [ RunTime:0.228374s ]
INFO: [ view_parse ] --END-- [ RunTime:0.228434s ]
INFO: [ view_filter ] --START--
INFO: Run Behavior\WriteHtmlCacheBehavior [ RunTime:0.000447s ]
INFO: [ view_filter ] --END-- [ RunTime:0.000498s ]
INFO: [ app_end ] --START--
INFO: Run Behavior\ShowPageTraceBehavior [ RunTime:0.000223s ]
INFO: [ app_end ] --END-- [ RunTime:0.000280s ]

[ 2021-05-25T15:35:12+08:00 ] ::1 //union/admin.php/Login/index
INFO: [ app_init ] --START--
INFO: Run Behavior\BuildLiteBehavior [ RunTime:0.000014s ]
INFO: [ app_init ] --END-- [ RunTime:0.000080s ]
INFO: [ app_begin ] --START--
INFO: Run Behavior\ReadHtmlCacheBehavior [ RunTime:0.000173s ]
INFO: [ app_begin ] --END-- [ RunTime:0.000225s ]
INFO: [ view_parse ] --START--
INFO: [ template_filter ] --START--
INFO: Run Behavior\ContentReplaceBehavior [ RunTime:0.000064s ]
INFO: [ template_filter ] --END-- [ RunTime:0.000124s ]
INFO: Run Behavior\ParseTemplateBehavior [ RunTime:0.015866s ]
INFO: [ view_parse ] --END-- [ RunTime:0.015945s ]
INFO: [ view_filter ] --START--
INFO: Run Behavior\WriteHtmlCacheBehavior [ RunTime:0.000253s ]
INFO: [ view_filter ] --END-- [ RunTime:0.000335s ]
INFO: [ app_end ] --START--
INFO: Run Behavior\ShowPageTraceBehavior [ RunTime:0.000218s ]
INFO: [ app_end ] --END-- [ RunTime:0.000300s ]

[ 2021-05-25T15:35:12+08:00 ] ::1 /union/admin.php/Login/verify.html
INFO: [ app_init ] --START--
INFO: Run Behavior\BuildLiteBehavior [ RunTime:0.000022s ]
INFO: [ app_init ] --END-- [ RunTime:0.000136s ]
INFO: [ app_begin ] --START--
INFO: Run Behavior\ReadHtmlCacheBehavior [ RunTime:0.000277s ]
INFO: [ app_begin ] --END-- [ RunTime:0.000374s ]
INFO: [ app_end ] --START--
INFO: Run Behavior\ShowPageTraceBehavior [ RunTime:0.000460s ]
INFO: [ app_end ] --END-- [ RunTime:0.000648s ]

[ 2021-05-25T15:35:23+08:00 ] ::1 //union/
INFO: [ app_init ] --START--
INFO: Run Behavior\BuildLiteBehavior [ RunTime:0.000016s ]
INFO: [ app_init ] --END-- [ RunTime:0.000155s ]
INFO: [ app_begin ] --START--
INFO: Run Behavior\ReadHtmlCacheBehavior [ RunTime:0.000118s ]
INFO: [ app_begin ] --END-- [ RunTime:0.000171s ]
SQL: SHOW COLUMNS FROM `union_admin` [ RunTime:0.0024s ]
SQL: SELECT `role_id` FROM `union_admin` WHERE `id` = null LIMIT 1   [ RunTime:0.0008s ]
SQL: SHOW COLUMNS FROM `union_role` [ RunTime:0.0010s ]
SQL: SELECT `auth` FROM `union_role` WHERE `id` = null LIMIT 1   [ RunTime:0.0005s ]
SQL: SELECT `username` FROM `union_admin` WHERE `id` = null LIMIT 1   [ RunTime:0.0002s ]
SQL: SELECT `images_id` FROM `union_admin` WHERE `id` = null LIMIT 1   [ RunTime:0.0002s ]
SQL: SELECT `name` FROM `union_role` WHERE `id` = null LIMIT 1   [ RunTime:0.0002s ]
INFO: [ view_parse ] --START--
INFO: [ template_filter ] --START--
INFO: Run Behavior\ContentReplaceBehavior [ RunTime:0.000092s ]
INFO: [ template_filter ] --END-- [ RunTime:0.000144s ]
NOTIC: [2] in_array() expects parameter 2 to be array, bool given C:\wamp64\www\union\Application\Runtime\Cache\Admin\b595b808c2ebeeeb0478ffc30bb4e87a.php 第 64 行.
NOTIC: [2] in_array() expects parameter 2 to be array, bool given C:\wamp64\www\union\Application\Runtime\Cache\Admin\b595b808c2ebeeeb0478ffc30bb4e87a.php 第 72 行.
NOTIC: [2] in_array() expects parameter 2 to be array, bool given C:\wamp64\www\union\Application\Runtime\Cache\Admin\b595b808c2ebeeeb0478ffc30bb4e87a.php 第 80 行.
NOTIC: [2] in_array() expects parameter 2 to be array, bool given C:\wamp64\www\union\Application\Runtime\Cache\Admin\b595b808c2ebeeeb0478ffc30bb4e87a.php 第 91 行.
NOTIC: [2] in_array() expects parameter 2 to be array, bool given C:\wamp64\www\union\Application\Runtime\Cache\Admin\b595b808c2ebeeeb0478ffc30bb4e87a.php 第 99 行.
NOTIC: [2] in_array() expects parameter 2 to be array, bool given C:\wamp64\www\union\Application\Runtime\Cache\Admin\b595b808c2ebeeeb0478ffc30bb4e87a.php 第 105 行.
NOTIC: [2] in_array() expects parameter 2 to be array, bool given C:\wamp64\www\union\Application\Runtime\Cache\Admin\b595b808c2ebeeeb0478ffc30bb4e87a.php 第 114 行.
NOTIC: [2] in_array() expects parameter 2 to be array, bool given C:\wamp64\www\union\Application\Runtime\Cache\Admin\b595b808c2ebeeeb0478ffc30bb4e87a.php 第 122 行.
NOTIC: [2] in_array() expects parameter 2 to be array, bool given C:\wamp64\www\union\Application\Runtime\Cache\Admin\b595b808c2ebeeeb0478ffc30bb4e87a.php 第 128 行.
NOTIC: [2] in_array() expects parameter 2 to be array, bool given C:\wamp64\www\union\Application\Runtime\Cache\Admin\b595b808c2ebeeeb0478ffc30bb4e87a.php 第 137 行.
NOTIC: [2] in_array() expects parameter 2 to be array, bool given C:\wamp64\www\union\Application\Runtime\Cache\Admin\b595b808c2ebeeeb0478ffc30bb4e87a.php 第 145 行.
NOTIC: [2] in_array() expects parameter 2 to be array, bool given C:\wamp64\www\union\Application\Runtime\Cache\Admin\b595b808c2ebeeeb0478ffc30bb4e87a.php 第 151 行.
NOTIC: [2] in_array() expects parameter 2 to be array, bool given C:\wamp64\www\union\Application\Runtime\Cache\Admin\b595b808c2ebeeeb0478ffc30bb4e87a.php 第 157 行.
NOTIC: [2] in_array() expects parameter 2 to be array, bool given C:\wamp64\www\union\Application\Runtime\Cache\Admin\b595b808c2ebeeeb0478ffc30bb4e87a.php 第 163 行.
NOTIC: [2] in_array() expects parameter 2 to be array, bool given C:\wamp64\www\union\Application\Runtime\Cache\Admin\b595b808c2ebeeeb0478ffc30bb4e87a.php 第 172 行.
NOTIC: [2] in_array() expects parameter 2 to be array, bool given C:\wamp64\www\union\Application\Runtime\Cache\Admin\b595b808c2ebeeeb0478ffc30bb4e87a.php 第 180 行.
NOTIC: [2] in_array() expects parameter 2 to be array, bool given C:\wamp64\www\union\Application\Runtime\Cache\Admin\b595b808c2ebeeeb0478ffc30bb4e87a.php 第 186 行.
NOTIC: [2] in_array() expects parameter 2 to be array, bool given C:\wamp64\www\union\Application\Runtime\Cache\Admin\b595b808c2ebeeeb0478ffc30bb4e87a.php 第 195 行.
NOTIC: [2] in_array() expects parameter 2 to be array, bool given C:\wamp64\www\union\Application\Runtime\Cache\Admin\b595b808c2ebeeeb0478ffc30bb4e87a.php 第 203 行.
NOTIC: [2] in_array() expects parameter 2 to be array, bool given C:\wamp64\www\union\Application\Runtime\Cache\Admin\b595b808c2ebeeeb0478ffc30bb4e87a.php 第 215 行.
NOTIC: [2] in_array() expects parameter 2 to be array, bool given C:\wamp64\www\union\Application\Runtime\Cache\Admin\b595b808c2ebeeeb0478ffc30bb4e87a.php 第 223 行.
NOTIC: [2] in_array() expects parameter 2 to be array, bool given C:\wamp64\www\union\Application\Runtime\Cache\Admin\b595b808c2ebeeeb0478ffc30bb4e87a.php 第 229 行.
NOTIC: [2] in_array() expects parameter 2 to be array, bool given C:\wamp64\www\union\Application\Runtime\Cache\Admin\b595b808c2ebeeeb0478ffc30bb4e87a.php 第 238 行.
NOTIC: [2] in_array() expects parameter 2 to be array, bool given C:\wamp64\www\union\Application\Runtime\Cache\Admin\b595b808c2ebeeeb0478ffc30bb4e87a.php 第 246 行.
NOTIC: [2] in_array() expects parameter 2 to be array, bool given C:\wamp64\www\union\Application\Runtime\Cache\Admin\b595b808c2ebeeeb0478ffc30bb4e87a.php 第 252 行.
NOTIC: [2] in_array() expects parameter 2 to be array, bool given C:\wamp64\www\union\Application\Runtime\Cache\Admin\b595b808c2ebeeeb0478ffc30bb4e87a.php 第 261 行.
NOTIC: [2] in_array() expects parameter 2 to be array, bool given C:\wamp64\www\union\Application\Runtime\Cache\Admin\b595b808c2ebeeeb0478ffc30bb4e87a.php 第 269 行.
NOTIC: [2] in_array() expects parameter 2 to be array, bool given C:\wamp64\www\union\Application\Runtime\Cache\Admin\b595b808c2ebeeeb0478ffc30bb4e87a.php 第 275 行.
NOTIC: [2] in_array() expects parameter 2 to be array, bool given C:\wamp64\www\union\Application\Runtime\Cache\Admin\b595b808c2ebeeeb0478ffc30bb4e87a.php 第 284 行.
NOTIC: [2] in_array() expects parameter 2 to be array, bool given C:\wamp64\www\union\Application\Runtime\Cache\Admin\b595b808c2ebeeeb0478ffc30bb4e87a.php 第 291 行.
NOTIC: [2] in_array() expects parameter 2 to be array, bool given C:\wamp64\www\union\Application\Runtime\Cache\Admin\b595b808c2ebeeeb0478ffc30bb4e87a.php 第 299 行.
NOTIC: [2] in_array() expects parameter 2 to be array, bool given C:\wamp64\www\union\Application\Runtime\Cache\Admin\b595b808c2ebeeeb0478ffc30bb4e87a.php 第 307 行.
INFO: Run Behavior\ParseTemplateBehavior [ RunTime:0.109568s ]
INFO: [ view_parse ] --END-- [ RunTime:0.109625s ]
INFO: [ view_filter ] --START--
INFO: Run Behavior\WriteHtmlCacheBehavior [ RunTime:0.000286s ]
INFO: [ view_filter ] --END-- [ RunTime:0.000334s ]
INFO: [ app_end ] --START--
INFO: Run Behavior\ShowPageTraceBehavior [ RunTime:0.000113s ]
INFO: [ app_end ] --END-- [ RunTime:0.000162s ]

[ 2021-05-25T15:35:23+08:00 ] ::1 //union/admin.php/Login/index
INFO: [ app_init ] --START--
INFO: Run Behavior\BuildLiteBehavior [ RunTime:0.000021s ]
INFO: [ app_init ] --END-- [ RunTime:0.000122s ]
INFO: [ app_begin ] --START--
INFO: Run Behavior\ReadHtmlCacheBehavior [ RunTime:0.000136s ]
INFO: [ app_begin ] --END-- [ RunTime:0.000219s ]
INFO: [ view_parse ] --START--
INFO: [ template_filter ] --START--
INFO: Run Behavior\ContentReplaceBehavior [ RunTime:0.000073s ]
INFO: [ template_filter ] --END-- [ RunTime:0.000179s ]
INFO: Run Behavior\ParseTemplateBehavior [ RunTime:0.003090s ]
INFO: [ view_parse ] --END-- [ RunTime:0.003151s ]
INFO: [ view_filter ] --START--
INFO: Run Behavior\WriteHtmlCacheBehavior [ RunTime:0.000105s ]
INFO: [ view_filter ] --END-- [ RunTime:0.000152s ]
INFO: [ app_end ] --START--
INFO: Run Behavior\ShowPageTraceBehavior [ RunTime:0.000087s ]
INFO: [ app_end ] --END-- [ RunTime:0.000134s ]

[ 2021-05-25T15:35:23+08:00 ] ::1 /union/admin.php/Login/verify.html
INFO: [ app_init ] --START--
INFO: Run Behavior\BuildLiteBehavior [ RunTime:0.000013s ]
INFO: [ app_init ] --END-- [ RunTime:0.000076s ]
INFO: [ app_begin ] --START--
INFO: Run Behavior\ReadHtmlCacheBehavior [ RunTime:0.000078s ]
INFO: [ app_begin ] --END-- [ RunTime:0.000128s ]
INFO: [ app_end ] --START--
INFO: Run Behavior\ShowPageTraceBehavior [ RunTime:0.000131s ]
INFO: [ app_end ] --END-- [ RunTime:0.000191s ]

[ 2021-05-25T15:35:57+08:00 ] ::1 /union/
INFO: [ app_init ] --START--
INFO: Run Behavior\BuildLiteBehavior [ RunTime:0.000014s ]
INFO: [ app_init ] --END-- [ RunTime:0.000141s ]
INFO: [ app_begin ] --START--
INFO: Run Behavior\ReadHtmlCacheBehavior [ RunTime:0.000111s ]
INFO: [ app_begin ] --END-- [ RunTime:0.000165s ]
SQL: SHOW COLUMNS FROM `union_admin` [ RunTime:0.0014s ]
SQL: SELECT `role_id` FROM `union_admin` WHERE `id` = null LIMIT 1   [ RunTime:0.0005s ]
SQL: SHOW COLUMNS FROM `union_role` [ RunTime:0.0008s ]
SQL: SELECT `auth` FROM `union_role` WHERE `id` = null LIMIT 1   [ RunTime:0.0004s ]
SQL: SELECT `username` FROM `union_admin` WHERE `id` = null LIMIT 1   [ RunTime:0.0002s ]
SQL: SELECT `images_id` FROM `union_admin` WHERE `id` = null LIMIT 1   [ RunTime:0.0002s ]
SQL: SELECT `name` FROM `union_role` WHERE `id` = null LIMIT 1   [ RunTime:0.0002s ]
INFO: [ view_parse ] --START--
INFO: [ template_filter ] --START--
INFO: Run Behavior\ContentReplaceBehavior [ RunTime:0.000096s ]
INFO: [ template_filter ] --END-- [ RunTime:0.000155s ]
NOTIC: [2] in_array() expects parameter 2 to be array, bool given C:\wamp64\www\union\Application\Runtime\Cache\Admin\b595b808c2ebeeeb0478ffc30bb4e87a.php 第 64 行.
NOTIC: [2] in_array() expects parameter 2 to be array, bool given C:\wamp64\www\union\Application\Runtime\Cache\Admin\b595b808c2ebeeeb0478ffc30bb4e87a.php 第 72 行.
NOTIC: [2] in_array() expects parameter 2 to be array, bool given C:\wamp64\www\union\Application\Runtime\Cache\Admin\b595b808c2ebeeeb0478ffc30bb4e87a.php 第 80 行.
NOTIC: [2] in_array() expects parameter 2 to be array, bool given C:\wamp64\www\union\Application\Runtime\Cache\Admin\b595b808c2ebeeeb0478ffc30bb4e87a.php 第 91 行.
NOTIC: [2] in_array() expects parameter 2 to be array, bool given C:\wamp64\www\union\Application\Runtime\Cache\Admin\b595b808c2ebeeeb0478ffc30bb4e87a.php 第 99 行.
NOTIC: [2] in_array() expects parameter 2 to be array, bool given C:\wamp64\www\union\Application\Runtime\Cache\Admin\b595b808c2ebeeeb0478ffc30bb4e87a.php 第 105 行.
NOTIC: [2] in_array() expects parameter 2 to be array, bool given C:\wamp64\www\union\Application\Runtime\Cache\Admin\b595b808c2ebeeeb0478ffc30bb4e87a.php 第 114 行.
NOTIC: [2] in_array() expects parameter 2 to be array, bool given C:\wamp64\www\union\Application\Runtime\Cache\Admin\b595b808c2ebeeeb0478ffc30bb4e87a.php 第 122 行.
NOTIC: [2] in_array() expects parameter 2 to be array, bool given C:\wamp64\www\union\Application\Runtime\Cache\Admin\b595b808c2ebeeeb0478ffc30bb4e87a.php 第 128 行.
NOTIC: [2] in_array() expects parameter 2 to be array, bool given C:\wamp64\www\union\Application\Runtime\Cache\Admin\b595b808c2ebeeeb0478ffc30bb4e87a.php 第 137 行.
NOTIC: [2] in_array() expects parameter 2 to be array, bool given C:\wamp64\www\union\Application\Runtime\Cache\Admin\b595b808c2ebeeeb0478ffc30bb4e87a.php 第 145 行.
NOTIC: [2] in_array() expects parameter 2 to be array, bool given C:\wamp64\www\union\Application\Runtime\Cache\Admin\b595b808c2ebeeeb0478ffc30bb4e87a.php 第 151 行.
NOTIC: [2] in_array() expects parameter 2 to be array, bool given C:\wamp64\www\union\Application\Runtime\Cache\Admin\b595b808c2ebeeeb0478ffc30bb4e87a.php 第 157 行.
NOTIC: [2] in_array() expects parameter 2 to be array, bool given C:\wamp64\www\union\Application\Runtime\Cache\Admin\b595b808c2ebeeeb0478ffc30bb4e87a.php 第 163 行.
NOTIC: [2] in_array() expects parameter 2 to be array, bool given C:\wamp64\www\union\Application\Runtime\Cache\Admin\b595b808c2ebeeeb0478ffc30bb4e87a.php 第 172 行.
NOTIC: [2] in_array() expects parameter 2 to be array, bool given C:\wamp64\www\union\Application\Runtime\Cache\Admin\b595b808c2ebeeeb0478ffc30bb4e87a.php 第 180 行.
NOTIC: [2] in_array() expects parameter 2 to be array, bool given C:\wamp64\www\union\Application\Runtime\Cache\Admin\b595b808c2ebeeeb0478ffc30bb4e87a.php 第 186 行.
NOTIC: [2] in_array() expects parameter 2 to be array, bool given C:\wamp64\www\union\Application\Runtime\Cache\Admin\b595b808c2ebeeeb0478ffc30bb4e87a.php 第 195 行.
NOTIC: [2] in_array() expects parameter 2 to be array, bool given C:\wamp64\www\union\Application\Runtime\Cache\Admin\b595b808c2ebeeeb0478ffc30bb4e87a.php 第 203 行.
NOTIC: [2] in_array() expects parameter 2 to be array, bool given C:\wamp64\www\union\Application\Runtime\Cache\Admin\b595b808c2ebeeeb0478ffc30bb4e87a.php 第 215 行.
NOTIC: [2] in_array() expects parameter 2 to be array, bool given C:\wamp64\www\union\Application\Runtime\Cache\Admin\b595b808c2ebeeeb0478ffc30bb4e87a.php 第 223 行.
NOTIC: [2] in_array() expects parameter 2 to be array, bool given C:\wamp64\www\union\Application\Runtime\Cache\Admin\b595b808c2ebeeeb0478ffc30bb4e87a.php 第 229 行.
NOTIC: [2] in_array() expects parameter 2 to be array, bool given C:\wamp64\www\union\Application\Runtime\Cache\Admin\b595b808c2ebeeeb0478ffc30bb4e87a.php 第 238 行.
NOTIC: [2] in_array() expects parameter 2 to be array, bool given C:\wamp64\www\union\Application\Runtime\Cache\Admin\b595b808c2ebeeeb0478ffc30bb4e87a.php 第 246 行.
NOTIC: [2] in_array() expects parameter 2 to be array, bool given C:\wamp64\www\union\Application\Runtime\Cache\Admin\b595b808c2ebeeeb0478ffc30bb4e87a.php 第 252 行.
NOTIC: [2] in_array() expects parameter 2 to be array, bool given C:\wamp64\www\union\Application\Runtime\Cache\Admin\b595b808c2ebeeeb0478ffc30bb4e87a.php 第 261 行.
NOTIC: [2] in_array() expects parameter 2 to be array, bool given C:\wamp64\www\union\Application\Runtime\Cache\Admin\b595b808c2ebeeeb0478ffc30bb4e87a.php 第 269 行.
NOTIC: [2] in_array() expects parameter 2 to be array, bool given C:\wamp64\www\union\Application\Runtime\Cache\Admin\b595b808c2ebeeeb0478ffc30bb4e87a.php 第 275 行.
NOTIC: [2] in_array() expects parameter 2 to be array, bool given C:\wamp64\www\union\Application\Runtime\Cache\Admin\b595b808c2ebeeeb0478ffc30bb4e87a.php 第 284 行.
NOTIC: [2] in_array() expects parameter 2 to be array, bool given C:\wamp64\www\union\Application\Runtime\Cache\Admin\b595b808c2ebeeeb0478ffc30bb4e87a.php 第 291 行.
NOTIC: [2] in_array() expects parameter 2 to be array, bool given C:\wamp64\www\union\Application\Runtime\Cache\Admin\b595b808c2ebeeeb0478ffc30bb4e87a.php 第 299 行.
NOTIC: [2] in_array() expects parameter 2 to be array, bool given C:\wamp64\www\union\Application\Runtime\Cache\Admin\b595b808c2ebeeeb0478ffc30bb4e87a.php 第 307 行.
INFO: Run Behavior\ParseTemplateBehavior [ RunTime:0.113260s ]
INFO: [ view_parse ] --END-- [ RunTime:0.113315s ]
INFO: [ view_filter ] --START--
INFO: Run Behavior\WriteHtmlCacheBehavior [ RunTime:0.000137s ]
INFO: [ view_filter ] --END-- [ RunTime:0.000184s ]
INFO: [ app_end ] --START--
INFO: Run Behavior\ShowPageTraceBehavior [ RunTime:0.000112s ]
INFO: [ app_end ] --END-- [ RunTime:0.000161s ]

[ 2021-05-25T15:35:57+08:00 ] ::1 /union/admin.php/Login/index
INFO: [ app_init ] --START--
INFO: Run Behavior\BuildLiteBehavior [ RunTime:0.000035s ]
INFO: [ app_init ] --END-- [ RunTime:0.000171s ]
INFO: [ app_begin ] --START--
INFO: Run Behavior\ReadHtmlCacheBehavior [ RunTime:0.000189s ]
INFO: [ app_begin ] --END-- [ RunTime:0.000318s ]
ERR: 无法加载控制器:Admin.php

[ 2021-05-25T15:36:10+08:00 ] ::1 /union/admin.php/Login/index
INFO: [ app_init ] --START--
INFO: Run Behavior\BuildLiteBehavior [ RunTime:0.000014s ]
INFO: [ app_init ] --END-- [ RunTime:0.000111s ]
INFO: [ app_begin ] --START--
INFO: Run Behavior\ReadHtmlCacheBehavior [ RunTime:0.000110s ]
INFO: [ app_begin ] --END-- [ RunTime:0.000162s ]
INFO: [ view_parse ] --START--
INFO: [ template_filter ] --START--
INFO: Run Behavior\ContentReplaceBehavior [ RunTime:0.000048s ]
INFO: [ template_filter ] --END-- [ RunTime:0.000108s ]
INFO: Run Behavior\ParseTemplateBehavior [ RunTime:0.002646s ]
INFO: [ view_parse ] --END-- [ RunTime:0.002706s ]
INFO: [ view_filter ] --START--
INFO: Run Behavior\WriteHtmlCacheBehavior [ RunTime:0.000163s ]
INFO: [ view_filter ] --END-- [ RunTime:0.000212s ]
INFO: [ app_end ] --START--
INFO: Run Behavior\ShowPageTraceBehavior [ RunTime:0.000149s ]
INFO: [ app_end ] --END-- [ RunTime:0.000225s ]

[ 2021-05-25T15:36:10+08:00 ] ::1 /union/admin.php/Login/verify.html
INFO: [ app_init ] --START--
INFO: Run Behavior\BuildLiteBehavior [ RunTime:0.000106s ]
INFO: [ app_init ] --END-- [ RunTime:0.000577s ]
INFO: [ app_begin ] --START--
INFO: Run Behavior\ReadHtmlCacheBehavior [ RunTime:0.000600s ]
INFO: [ app_begin ] --END-- [ RunTime:0.000752s ]
INFO: [ app_end ] --START--
INFO: Run Behavior\ShowPageTraceBehavior [ RunTime:0.000154s ]
INFO: [ app_end ] --END-- [ RunTime:0.000216s ]

[ 2021-05-25T15:36:42+08:00 ] ::1 /union/admin.php/Login/index
INFO: [ app_init ] --START--
INFO: Run Behavior\BuildLiteBehavior [ RunTime:0.000033s ]
INFO: [ app_init ] --END-- [ RunTime:0.000220s ]
INFO: [ app_begin ] --START--
INFO: Run Behavior\ReadHtmlCacheBehavior [ RunTime:0.000102s ]
INFO: [ app_begin ] --END-- [ RunTime:0.000151s ]
ERR: 无法加载控制器:Admin.php

[ 2021-05-25T16:24:40+08:00 ] ::1 /union/admin.php/Login/index
INFO: [ app_init ] --START--
INFO: Run Behavior\BuildLiteBehavior [ RunTime:0.000014s ]
INFO: [ app_init ] --END-- [ RunTime:0.000143s ]
INFO: [ app_begin ] --START--
INFO: Run Behavior\ReadHtmlCacheBehavior [ RunTime:0.001101s ]
INFO: [ app_begin ] --END-- [ RunTime:0.001162s ]
INFO: [ view_parse ] --START--
INFO: [ template_filter ] --START--
INFO: Run Behavior\ContentReplaceBehavior [ RunTime:0.000047s ]
INFO: [ template_filter ] --END-- [ RunTime:0.000097s ]
INFO: Run Behavior\ParseTemplateBehavior [ RunTime:0.003191s ]
INFO: [ view_parse ] --END-- [ RunTime:0.003251s ]
INFO: [ view_filter ] --START--
INFO: Run Behavior\WriteHtmlCacheBehavior [ RunTime:0.000231s ]
INFO: [ view_filter ] --END-- [ RunTime:0.000280s ]
INFO: [ app_end ] --START--
INFO: Run Behavior\ShowPageTraceBehavior [ RunTime:0.000175s ]
INFO: [ app_end ] --END-- [ RunTime:0.000223s ]

[ 2021-05-25T16:24:40+08:00 ] ::1 /union/admin.php/Login/verify.html
INFO: [ app_init ] --START--
INFO: Run Behavior\BuildLiteBehavior [ RunTime:0.000013s ]
INFO: [ app_init ] --END-- [ RunTime:0.000080s ]
INFO: [ app_begin ] --START--
INFO: Run Behavior\ReadHtmlCacheBehavior [ RunTime:0.000086s ]
INFO: [ app_begin ] --END-- [ RunTime:0.000138s ]
INFO: [ app_end ] --START--
INFO: Run Behavior\ShowPageTraceBehavior [ RunTime:0.000121s ]
INFO: [ app_end ] --END-- [ RunTime:0.000184s ]

[ 2021-05-25T16:25:46+08:00 ] ::1 /union/admin.php/Login/index
INFO: [ app_init ] --START--
INFO: Run Behavior\BuildLiteBehavior [ RunTime:0.000071s ]
INFO: [ app_init ] --END-- [ RunTime:0.000778s ]
INFO: [ app_begin ] --START--
INFO: Run Behavior\ReadHtmlCacheBehavior [ RunTime:0.000916s ]
INFO: [ app_begin ] --END-- [ RunTime:0.001144s ]
INFO: [ view_parse ] --START--
INFO: [ template_filter ] --START--
INFO: Run Behavior\ContentReplaceBehavior [ RunTime:0.000267s ]
INFO: [ template_filter ] --END-- [ RunTime:0.000474s ]
INFO: Run Behavior\ParseTemplateBehavior [ RunTime:0.039671s ]
INFO: [ view_parse ] --END-- [ RunTime:0.039897s ]
INFO: [ view_filter ] --START--
INFO: Run Behavior\WriteHtmlCacheBehavior [ RunTime:0.000625s ]
INFO: [ view_filter ] --END-- [ RunTime:0.000806s ]
INFO: [ app_end ] --START--
INFO: Run Behavior\ShowPageTraceBehavior [ RunTime:0.000548s ]
INFO: [ app_end ] --END-- [ RunTime:0.000731s ]

[ 2021-05-25T16:25:46+08:00 ] ::1 /union/admin.php/Login/verify.html
INFO: [ app_init ] --START--
INFO: Run Behavior\BuildLiteBehavior [ RunTime:0.000016s ]
INFO: [ app_init ] --END-- [ RunTime:0.000092s ]
INFO: [ app_begin ] --START--
INFO: Run Behavior\ReadHtmlCacheBehavior [ RunTime:0.000095s ]
INFO: [ app_begin ] --END-- [ RunTime:0.000155s ]
INFO: [ app_end ] --START--
INFO: Run Behavior\ShowPageTraceBehavior [ RunTime:0.000166s ]
INFO: [ app_end ] --END-- [ RunTime:0.000245s ]

[ 2021-05-25T16:26:34+08:00 ] ::1 /union/admin.php/Login/index
INFO: [ app_init ] --START--
INFO: Run Behavior\BuildLiteBehavior [ RunTime:0.000037s ]
INFO: [ app_init ] --END-- [ RunTime:0.000470s ]
INFO: [ app_begin ] --START--
INFO: Run Behavior\ReadHtmlCacheBehavior [ RunTime:0.000298s ]
INFO: [ app_begin ] --END-- [ RunTime:0.000438s ]
INFO: [ view_parse ] --START--
INFO: [ template_filter ] --START--
INFO: Run Behavior\ContentReplaceBehavior [ RunTime:0.000108s ]
INFO: [ template_filter ] --END-- [ RunTime:0.000240s ]
INFO: Run Behavior\ParseTemplateBehavior [ RunTime:0.035172s ]
INFO: [ view_parse ] --END-- [ RunTime:0.035380s ]
INFO: [ view_filter ] --START--
INFO: Run Behavior\WriteHtmlCacheBehavior [ RunTime:0.000505s ]
INFO: [ view_filter ] --END-- [ RunTime:0.000870s ]
INFO: [ app_end ] --START--
INFO: Run Behavior\ShowPageTraceBehavior [ RunTime:0.000457s ]
INFO: [ app_end ] --END-- [ RunTime:0.000648s ]

[ 2021-05-25T16:26:34+08:00 ] ::1 /union/admin.php/Login/verify.html
INFO: [ app_init ] --START--
INFO: Run Behavior\BuildLiteBehavior [ RunTime:0.000030s ]
INFO: [ app_init ] --END-- [ RunTime:0.000178s ]
INFO: [ app_begin ] --START--
INFO: Run Behavior\ReadHtmlCacheBehavior [ RunTime:0.000185s ]
INFO: [ app_begin ] --END-- [ RunTime:0.000310s ]
INFO: [ app_end ] --START--
INFO: Run Behavior\ShowPageTraceBehavior [ RunTime:0.000162s ]
INFO: [ app_end ] --END-- [ RunTime:0.000237s ]

[ 2021-05-25T16:26:46+08:00 ] ::1 /union/admin.php/login/login.html
INFO: [ app_init ] --START--
INFO: Run Behavior\BuildLiteBehavior [ RunTime:0.000028s ]
INFO: [ app_init ] --END-- [ RunTime:0.000313s ]
INFO: [ app_begin ] --START--
INFO: Run Behavior\ReadHtmlCacheBehavior [ RunTime:0.000219s ]
INFO: [ app_begin ] --END-- [ RunTime:0.000312s ]
SQL: SHOW COLUMNS FROM `union_admin` [ RunTime:0.0111s ]
SQL: SHOW COLUMNS FROM `union_admin` [ RunTime:0.0015s ]
SQL: SELECT * FROM `union_admin` WHERE `username` = 'admin' AND `password` = '21232f297a57a5a743894a0e4a801fc3' LIMIT 1   [ RunTime:0.0011s ]
SQL: SHOW COLUMNS FROM `union_admin` [ RunTime:0.0016s ]
SQL: UPDATE `union_admin` SET `last_login_time`='1621931206',`last_login_ip`='0.0.0.0' WHERE `id` = 1 [ RunTime:0.0032s ]

[ 2021-05-25T16:26:46+08:00 ] ::1 /union/admin.php/Login/index
INFO: [ app_init ] --START--
INFO: Run Behavior\BuildLiteBehavior [ RunTime:0.000028s ]
INFO: [ app_init ] --END-- [ RunTime:0.000165s ]
INFO: [ app_begin ] --START--
INFO: Run Behavior\ReadHtmlCacheBehavior [ RunTime:0.000414s ]
INFO: [ app_begin ] --END-- [ RunTime:0.000508s ]
INFO: [ view_parse ] --START--
INFO: [ template_filter ] --START--
INFO: Run Behavior\ContentReplaceBehavior [ RunTime:0.000182s ]
INFO: [ template_filter ] --END-- [ RunTime:0.000382s ]
INFO: Run Behavior\ParseTemplateBehavior [ RunTime:0.014868s ]
INFO: [ view_parse ] --END-- [ RunTime:0.015091s ]
INFO: [ view_filter ] --START--
INFO: Run Behavior\WriteHtmlCacheBehavior [ RunTime:0.001074s ]
INFO: [ view_filter ] --END-- [ RunTime:0.001251s ]
INFO: [ app_end ] --START--
INFO: Run Behavior\ShowPageTraceBehavior [ RunTime:0.000845s ]
INFO: [ app_end ] --END-- [ RunTime:0.001026s ]

[ 2021-05-25T16:26:47+08:00 ] ::1 /union/admin.php/index/index.html
INFO: [ app_init ] --START--
INFO: Run Behavior\BuildLiteBehavior [ RunTime:0.000056s ]
INFO: [ app_init ] --END-- [ RunTime:0.000338s ]
INFO: [ app_begin ] --START--
INFO: Run Behavior\ReadHtmlCacheBehavior [ RunTime:0.000608s ]
INFO: [ app_begin ] --END-- [ RunTime:0.000974s ]
SQL: SHOW COLUMNS FROM `union_admin` [ RunTime:0.0049s ]
SQL: SELECT `role_id` FROM `union_admin` WHERE `id` = 1 LIMIT 1   [ RunTime:0.0225s ]
SQL: SHOW COLUMNS FROM `union_role` [ RunTime:0.0038s ]
SQL: SELECT `auth` FROM `union_role` WHERE `id` = 1 LIMIT 1   [ RunTime:0.0020s ]
SQL: SELECT `username` FROM `union_admin` WHERE `id` = 1 LIMIT 1   [ RunTime:0.0007s ]
SQL: SELECT `images_id` FROM `union_admin` WHERE `id` = 1 LIMIT 1   [ RunTime:0.0008s ]
SQL: SELECT `name` FROM `union_role` WHERE `id` = 1 LIMIT 1   [ RunTime:0.0008s ]
INFO: [ view_parse ] --START--
INFO: [ template_filter ] --START--
INFO: Run Behavior\ContentReplaceBehavior [ RunTime:0.000384s ]
INFO: [ template_filter ] --END-- [ RunTime:0.000613s ]
NOTIC: [2] in_array() expects parameter 2 to be array, bool given C:\wamp64\www\union\Application\Runtime\Cache\Admin\b595b808c2ebeeeb0478ffc30bb4e87a.php 第 64 行.
NOTIC: [2] in_array() expects parameter 2 to be array, bool given C:\wamp64\www\union\Application\Runtime\Cache\Admin\b595b808c2ebeeeb0478ffc30bb4e87a.php 第 72 行.
NOTIC: [2] in_array() expects parameter 2 to be array, bool given C:\wamp64\www\union\Application\Runtime\Cache\Admin\b595b808c2ebeeeb0478ffc30bb4e87a.php 第 80 行.
NOTIC: [2] in_array() expects parameter 2 to be array, bool given C:\wamp64\www\union\Application\Runtime\Cache\Admin\b595b808c2ebeeeb0478ffc30bb4e87a.php 第 91 行.
NOTIC: [2] in_array() expects parameter 2 to be array, bool given C:\wamp64\www\union\Application\Runtime\Cache\Admin\b595b808c2ebeeeb0478ffc30bb4e87a.php 第 99 行.
NOTIC: [2] in_array() expects parameter 2 to be array, bool given C:\wamp64\www\union\Application\Runtime\Cache\Admin\b595b808c2ebeeeb0478ffc30bb4e87a.php 第 105 行.
NOTIC: [2] in_array() expects parameter 2 to be array, bool given C:\wamp64\www\union\Application\Runtime\Cache\Admin\b595b808c2ebeeeb0478ffc30bb4e87a.php 第 114 行.
NOTIC: [2] in_array() expects parameter 2 to be array, bool given C:\wamp64\www\union\Application\Runtime\Cache\Admin\b595b808c2ebeeeb0478ffc30bb4e87a.php 第 122 行.
NOTIC: [2] in_array() expects parameter 2 to be array, bool given C:\wamp64\www\union\Application\Runtime\Cache\Admin\b595b808c2ebeeeb0478ffc30bb4e87a.php 第 128 行.
NOTIC: [2] in_array() expects parameter 2 to be array, bool given C:\wamp64\www\union\Application\Runtime\Cache\Admin\b595b808c2ebeeeb0478ffc30bb4e87a.php 第 137 行.
NOTIC: [2] in_array() expects parameter 2 to be array, bool given C:\wamp64\www\union\Application\Runtime\Cache\Admin\b595b808c2ebeeeb0478ffc30bb4e87a.php 第 145 行.
NOTIC: [2] in_array() expects parameter 2 to be array, bool given C:\wamp64\www\union\Application\Runtime\Cache\Admin\b595b808c2ebeeeb0478ffc30bb4e87a.php 第 151 行.
NOTIC: [2] in_array() expects parameter 2 to be array, bool given C:\wamp64\www\union\Application\Runtime\Cache\Admin\b595b808c2ebeeeb0478ffc30bb4e87a.php 第 157 行.
NOTIC: [2] in_array() expects parameter 2 to be array, bool given C:\wamp64\www\union\Application\Runtime\Cache\Admin\b595b808c2ebeeeb0478ffc30bb4e87a.php 第 163 行.
NOTIC: [2] in_array() expects parameter 2 to be array, bool given C:\wamp64\www\union\Application\Runtime\Cache\Admin\b595b808c2ebeeeb0478ffc30bb4e87a.php 第 172 行.
NOTIC: [2] in_array() expects parameter 2 to be array, bool given C:\wamp64\www\union\Application\Runtime\Cache\Admin\b595b808c2ebeeeb0478ffc30bb4e87a.php 第 180 行.
NOTIC: [2] in_array() expects parameter 2 to be array, bool given C:\wamp64\www\union\Application\Runtime\Cache\Admin\b595b808c2ebeeeb0478ffc30bb4e87a.php 第 186 行.
NOTIC: [2] in_array() expects parameter 2 to be array, bool given C:\wamp64\www\union\Application\Runtime\Cache\Admin\b595b808c2ebeeeb0478ffc30bb4e87a.php 第 195 行.
NOTIC: [2] in_array() expects parameter 2 to be array, bool given C:\wamp64\www\union\Application\Runtime\Cache\Admin\b595b808c2ebeeeb0478ffc30bb4e87a.php 第 203 行.
NOTIC: [2] in_array() expects parameter 2 to be array, bool given C:\wamp64\www\union\Application\Runtime\Cache\Admin\b595b808c2ebeeeb0478ffc30bb4e87a.php 第 215 行.
NOTIC: [2] in_array() expects parameter 2 to be array, bool given C:\wamp64\www\union\Application\Runtime\Cache\Admin\b595b808c2ebeeeb0478ffc30bb4e87a.php 第 223 行.
NOTIC: [2] in_array() expects parameter 2 to be array, bool given C:\wamp64\www\union\Application\Runtime\Cache\Admin\b595b808c2ebeeeb0478ffc30bb4e87a.php 第 229 行.
NOTIC: [2] in_array() expects parameter 2 to be array, bool given C:\wamp64\www\union\Application\Runtime\Cache\Admin\b595b808c2ebeeeb0478ffc30bb4e87a.php 第 238 行.
NOTIC: [2] in_array() expects parameter 2 to be array, bool given C:\wamp64\www\union\Application\Runtime\Cache\Admin\b595b808c2ebeeeb0478ffc30bb4e87a.php 第 246 行.
NOTIC: [2] in_array() expects parameter 2 to be array, bool given C:\wamp64\www\union\Application\Runtime\Cache\Admin\b595b808c2ebeeeb0478ffc30bb4e87a.php 第 252 行.
NOTIC: [2] in_array() expects parameter 2 to be array, bool given C:\wamp64\www\union\Application\Runtime\Cache\Admin\b595b808c2ebeeeb0478ffc30bb4e87a.php 第 261 行.
NOTIC: [2] in_array() expects parameter 2 to be array, bool given C:\wamp64\www\union\Application\Runtime\Cache\Admin\b595b808c2ebeeeb0478ffc30bb4e87a.php 第 269 行.
NOTIC: [2] in_array() expects parameter 2 to be array, bool given C:\wamp64\www\union\Application\Runtime\Cache\Admin\b595b808c2ebeeeb0478ffc30bb4e87a.php 第 275 行.
NOTIC: [2] in_array() expects parameter 2 to be array, bool given C:\wamp64\www\union\Application\Runtime\Cache\Admin\b595b808c2ebeeeb0478ffc30bb4e87a.php 第 284 行.
NOTIC: [2] in_array() expects parameter 2 to be array, bool given C:\wamp64\www\union\Application\Runtime\Cache\Admin\b595b808c2ebeeeb0478ffc30bb4e87a.php 第 291 行.
NOTIC: [2] in_array() expects parameter 2 to be array, bool given C:\wamp64\www\union\Application\Runtime\Cache\Admin\b595b808c2ebeeeb0478ffc30bb4e87a.php 第 299 行.
NOTIC: [2] in_array() expects parameter 2 to be array, bool given C:\wamp64\www\union\Application\Runtime\Cache\Admin\b595b808c2ebeeeb0478ffc30bb4e87a.php 第 307 行.
INFO: Run Behavior\ParseTemplateBehavior [ RunTime:0.307218s ]
INFO: [ view_parse ] --END-- [ RunTime:0.307555s ]
INFO: [ view_filter ] --START--
INFO: Run Behavior\WriteHtmlCacheBehavior [ RunTime:0.000262s ]
INFO: [ view_filter ] --END-- [ RunTime:0.000394s ]
INFO: [ app_end ] --START--
INFO: Run Behavior\ShowPageTraceBehavior [ RunTime:0.000256s ]
INFO: [ app_end ] --END-- [ RunTime:0.000409s ]

[ 2021-05-25T16:26:48+08:00 ] ::1 /union/admin.php/Index/main.html
INFO: [ app_init ] --START--
INFO: Run Behavior\BuildLiteBehavior [ RunTime:0.000046s ]
INFO: [ app_init ] --END-- [ RunTime:0.000307s ]
INFO: [ app_begin ] --START--
INFO: Run Behavior\ReadHtmlCacheBehavior [ RunTime:0.000453s ]
INFO: [ app_begin ] --END-- [ RunTime:0.000805s ]
SQL: SELECT VERSION() AS ver [ RunTime:0.0005s ]
INFO: [ view_parse ] --START--
INFO: [ template_filter ] --START--
INFO: Run Behavior\ContentReplaceBehavior [ RunTime:0.000120s ]
INFO: [ template_filter ] --END-- [ RunTime:0.000256s ]
INFO: Run Behavior\ParseTemplateBehavior [ RunTime:0.057979s ]
INFO: [ view_parse ] --END-- [ RunTime:0.058177s ]
INFO: [ view_filter ] --START--
INFO: Run Behavior\WriteHtmlCacheBehavior [ RunTime:0.000203s ]
INFO: [ view_filter ] --END-- [ RunTime:0.000310s ]
INFO: [ app_end ] --START--
INFO: Run Behavior\ShowPageTraceBehavior [ RunTime:0.000164s ]
INFO: [ app_end ] --END-- [ RunTime:0.000269s ]

[ 2021-05-25T16:27:02+08:00 ] ::1 /union/admin.php/News/addnews.html
INFO: [ app_init ] --START--
INFO: Run Behavior\BuildLiteBehavior [ RunTime:0.000053s ]
INFO: [ app_init ] --END-- [ RunTime:0.000558s ]
INFO: [ app_begin ] --START--
INFO: Run Behavior\ReadHtmlCacheBehavior [ RunTime:0.000555s ]
INFO: [ app_begin ] --END-- [ RunTime:0.000699s ]
SQL: SHOW COLUMNS FROM `union_category` [ RunTime:0.0027s ]
SQL: SELECT * FROM `union_category`  [ RunTime:0.0104s ]
INFO: [ view_parse ] --START--
INFO: [ template_filter ] --START--
INFO: Run Behavior\ContentReplaceBehavior [ RunTime:0.000186s ]
INFO: [ template_filter ] --END-- [ RunTime:0.000324s ]
INFO: Run Behavior\ParseTemplateBehavior [ RunTime:0.072040s ]
INFO: [ view_parse ] --END-- [ RunTime:0.072180s ]
INFO: [ view_filter ] --START--
INFO: Run Behavior\WriteHtmlCacheBehavior [ RunTime:0.000416s ]
INFO: [ view_filter ] --END-- [ RunTime:0.000513s ]
INFO: [ app_end ] --START--
INFO: Run Behavior\ShowPageTraceBehavior [ RunTime:0.000251s ]
INFO: [ app_end ] --END-- [ RunTime:0.000319s ]

[ 2021-05-25T16:27:03+08:00 ] ::1 /union/admin.php/News/newslist.html
INFO: [ app_init ] --START--
INFO: Run Behavior\BuildLiteBehavior [ RunTime:0.000042s ]
INFO: [ app_init ] --END-- [ RunTime:0.000309s ]
INFO: [ app_begin ] --START--
INFO: Run Behavior\ReadHtmlCacheBehavior [ RunTime:0.000399s ]
INFO: [ app_begin ] --END-- [ RunTime:0.000526s ]
SQL: SHOW COLUMNS FROM `union_news` [ RunTime:0.0040s ]
SQL: SELECT COUNT(*) AS tp_count FROM `union_news` WHERE `remove` = 0 LIMIT 1   [ RunTime:0.0173s ]
SQL: SELECT * FROM `union_news` WHERE `remove` = 0 ORDER BY create_time desc LIMIT 0,10   [ RunTime:0.0011s ]
SQL: SHOW COLUMNS FROM `union_category` [ RunTime:0.0012s ]
SQL: SELECT * FROM `union_category` WHERE `id` = 1 LIMIT 1   [ RunTime:0.0012s ]
SQL: SELECT * FROM `union_category` WHERE `id` = 6 LIMIT 1   [ RunTime:0.0003s ]
SQL: SELECT * FROM `union_category` WHERE `id` = 1 LIMIT 1   [ RunTime:0.0003s ]
SQL: SELECT * FROM `union_category` WHERE `id` = 1 LIMIT 1   [ RunTime:0.0003s ]
INFO: [ view_parse ] --START--
INFO: [ template_filter ] --START--
INFO: Run Behavior\ContentReplaceBehavior [ RunTime:0.000087s ]
INFO: [ template_filter ] --END-- [ RunTime:0.000166s ]
INFO: Run Behavior\ParseTemplateBehavior [ RunTime:0.053320s ]
INFO: [ view_parse ] --END-- [ RunTime:0.053497s ]
INFO: [ view_filter ] --START--
INFO: Run Behavior\WriteHtmlCacheBehavior [ RunTime:0.000355s ]
INFO: [ view_filter ] --END-- [ RunTime:0.000468s ]
INFO: [ app_end ] --START--
INFO: Run Behavior\ShowPageTraceBehavior [ RunTime:0.000327s ]
INFO: [ app_end ] --END-- [ RunTime:0.000442s ]

[ 2021-05-25T16:27:10+08:00 ] ::1 /union/admin.php/News/detailnews/id/11.html
INFO: [ app_init ] --START--
INFO: Run Behavior\BuildLiteBehavior [ RunTime:0.000031s ]
INFO: [ app_init ] --END-- [ RunTime:0.000415s ]
INFO: [ app_begin ] --START--
INFO: Run Behavior\ReadHtmlCacheBehavior [ RunTime:0.000296s ]
INFO: [ app_begin ] --END-- [ RunTime:0.000416s ]
SQL: SHOW COLUMNS FROM `union_news` [ RunTime:0.0017s ]
SQL: SELECT * FROM `union_news` WHERE `id` = 11 LIMIT 1   [ RunTime:0.0008s ]
INFO: [ view_parse ] --START--
INFO: [ template_filter ] --START--
INFO: Run Behavior\ContentReplaceBehavior [ RunTime:0.000111s ]
INFO: [ template_filter ] --END-- [ RunTime:0.000226s ]
INFO: Run Behavior\ParseTemplateBehavior [ RunTime:0.033008s ]
INFO: [ view_parse ] --END-- [ RunTime:0.033157s ]
INFO: [ view_filter ] --START--
INFO: Run Behavior\WriteHtmlCacheBehavior [ RunTime:0.000381s ]
INFO: [ view_filter ] --END-- [ RunTime:0.000522s ]
INFO: [ app_end ] --START--
INFO: Run Behavior\ShowPageTraceBehavior [ RunTime:0.000240s ]
INFO: [ app_end ] --END-- [ RunTime:0.000342s ]

[ 2021-05-25T16:27:13+08:00 ] ::1 /union/admin.php/News/detailnews/id/10.html
INFO: [ app_init ] --START--
INFO: Run Behavior\BuildLiteBehavior [ RunTime:0.000030s ]
INFO: [ app_init ] --END-- [ RunTime:0.000431s ]
INFO: [ app_begin ] --START--
INFO: Run Behavior\ReadHtmlCacheBehavior [ RunTime:0.000227s ]
INFO: [ app_begin ] --END-- [ RunTime:0.000352s ]
SQL: SHOW COLUMNS FROM `union_news` [ RunTime:0.0039s ]
SQL: SELECT * FROM `union_news` WHERE `id` = 10 LIMIT 1   [ RunTime:0.0012s ]
INFO: [ view_parse ] --START--
INFO: [ template_filter ] --START--
INFO: Run Behavior\ContentReplaceBehavior [ RunTime:0.000107s ]
INFO: [ template_filter ] --END-- [ RunTime:0.000219s ]
INFO: Run Behavior\ParseTemplateBehavior [ RunTime:0.005547s ]
INFO: [ view_parse ] --END-- [ RunTime:0.005690s ]
INFO: [ view_filter ] --START--
INFO: Run Behavior\WriteHtmlCacheBehavior [ RunTime:0.000271s ]
INFO: [ view_filter ] --END-- [ RunTime:0.000395s ]
INFO: [ app_end ] --START--
INFO: Run Behavior\ShowPageTraceBehavior [ RunTime:0.000226s ]
INFO: [ app_end ] --END-- [ RunTime:0.000326s ]

[ 2021-05-25T16:27:15+08:00 ] ::1 /union/admin.php/News/detailnews/id/7.html
INFO: [ app_init ] --START--
INFO: Run Behavior\BuildLiteBehavior [ RunTime:0.000027s ]
INFO: [ app_init ] --END-- [ RunTime:0.000170s ]
INFO: [ app_begin ] --START--
INFO: Run Behavior\ReadHtmlCacheBehavior [ RunTime:0.000282s ]
INFO: [ app_begin ] --END-- [ RunTime:0.000426s ]
SQL: SHOW COLUMNS FROM `union_news` [ RunTime:0.0114s ]
SQL: SELECT * FROM `union_news` WHERE `id` = 7 LIMIT 1   [ RunTime:0.0014s ]
INFO: [ view_parse ] --START--
INFO: [ template_filter ] --START--
INFO: Run Behavior\ContentReplaceBehavior [ RunTime:0.000126s ]
INFO: [ template_filter ] --END-- [ RunTime:0.000259s ]
INFO: Run Behavior\ParseTemplateBehavior [ RunTime:0.006946s ]
INFO: [ view_parse ] --END-- [ RunTime:0.007109s ]
INFO: [ view_filter ] --START--
INFO: Run Behavior\WriteHtmlCacheBehavior [ RunTime:0.000238s ]
INFO: [ view_filter ] --END-- [ RunTime:0.000351s ]
INFO: [ app_end ] --START--
INFO: Run Behavior\ShowPageTraceBehavior [ RunTime:0.000195s ]
INFO: [ app_end ] --END-- [ RunTime:0.000300s ]

[ 2021-05-25T16:27:22+08:00 ] ::1 /union/admin.php/News/recycle.html
INFO: [ app_init ] --START--
INFO: Run Behavior\BuildLiteBehavior [ RunTime:0.000029s ]
INFO: [ app_init ] --END-- [ RunTime:0.000248s ]
INFO: [ app_begin ] --START--
INFO: Run Behavior\ReadHtmlCacheBehavior [ RunTime:0.000220s ]
INFO: [ app_begin ] --END-- [ RunTime:0.000327s ]
SQL: SHOW COLUMNS FROM `union_news` [ RunTime:0.0032s ]
SQL: SELECT COUNT(*) AS tp_count FROM `union_news` WHERE `remove` = 1 LIMIT 1   [ RunTime:0.0011s ]
SQL: SELECT * FROM `union_news` WHERE `remove` = 1 ORDER BY create_time desc LIMIT 0,10   [ RunTime:0.0006s ]
SQL: SHOW COLUMNS FROM `union_category` [ RunTime:0.0018s ]
SQL: SELECT * FROM `union_category` WHERE `id` = 1 LIMIT 1   [ RunTime:0.0009s ]
INFO: [ view_parse ] --START--
INFO: [ template_filter ] --START--
INFO: Run Behavior\ContentReplaceBehavior [ RunTime:0.000132s ]
INFO: [ template_filter ] --END-- [ RunTime:0.000255s ]
INFO: Run Behavior\ParseTemplateBehavior [ RunTime:0.055711s ]
INFO: [ view_parse ] --END-- [ RunTime:0.055904s ]
INFO: [ view_filter ] --START--
INFO: Run Behavior\WriteHtmlCacheBehavior [ RunTime:0.000357s ]
INFO: [ view_filter ] --END-- [ RunTime:0.000535s ]
INFO: [ app_end ] --START--
INFO: Run Behavior\ShowPageTraceBehavior [ RunTime:0.000326s ]
INFO: [ app_end ] --END-- [ RunTime:0.000474s ]

[ 2021-05-25T16:27:29+08:00 ] ::1 /union/admin.php/Member/memberList.html
INFO: [ app_init ] --START--
INFO: Run Behavior\BuildLiteBehavior [ RunTime:0.000028s ]
INFO: [ app_init ] --END-- [ RunTime:0.000231s ]
INFO: [ app_begin ] --START--
INFO: Run Behavior\ReadHtmlCacheBehavior [ RunTime:0.000281s ]
INFO: [ app_begin ] --END-- [ RunTime:0.000418s ]
SQL: SHOW COLUMNS FROM `union_member` [ RunTime:0.0033s ]
SQL: SELECT COUNT(*) AS tp_count FROM `union_member` LIMIT 1   [ RunTime:0.0096s ]
SQL: SELECT * FROM `union_member` ORDER BY create_time desc LIMIT 0,10   [ RunTime:0.0005s ]
INFO: [ view_parse ] --START--
INFO: [ template_filter ] --START--
INFO: Run Behavior\ContentReplaceBehavior [ RunTime:0.000223s ]
INFO: [ template_filter ] --END-- [ RunTime:0.000519s ]
INFO: Run Behavior\ParseTemplateBehavior [ RunTime:0.089371s ]
INFO: [ view_parse ] --END-- [ RunTime:0.089513s ]
INFO: [ view_filter ] --START--
INFO: Run Behavior\WriteHtmlCacheBehavior [ RunTime:0.000266s ]
INFO: [ view_filter ] --END-- [ RunTime:0.000389s ]
INFO: [ app_end ] --START--
INFO: Run Behavior\ShowPageTraceBehavior [ RunTime:0.000236s ]
INFO: [ app_end ] --END-- [ RunTime:0.000352s ]

[ 2021-05-25T16:28:02+08:00 ] ::1 /union/admin.php/System/siteConfig.html
INFO: [ app_init ] --START--
INFO: Run Behavior\BuildLiteBehavior [ RunTime:0.000029s ]
INFO: [ app_init ] --END-- [ RunTime:0.000222s ]
INFO: [ app_begin ] --START--
INFO: Run Behavior\ReadHtmlCacheBehavior [ RunTime:0.000262s ]
INFO: [ app_begin ] --END-- [ RunTime:0.000377s ]
SQL: SHOW COLUMNS FROM `union_system` [ RunTime:0.0039s ]
SQL: SELECT * FROM `union_system` WHERE `name` = 'config' LIMIT 1   [ RunTime:0.0006s ]
INFO: [ view_parse ] --START--
INFO: [ template_filter ] --START--
INFO: Run Behavior\ContentReplaceBehavior [ RunTime:0.000117s ]
INFO: [ template_filter ] --END-- [ RunTime:0.000231s ]
INFO: Run Behavior\ParseTemplateBehavior [ RunTime:0.046115s ]
INFO: [ view_parse ] --END-- [ RunTime:0.046262s ]
INFO: [ view_filter ] --START--
INFO: Run Behavior\WriteHtmlCacheBehavior [ RunTime:0.000274s ]
INFO: [ view_filter ] --END-- [ RunTime:0.000390s ]
INFO: [ app_end ] --START--
INFO: Run Behavior\ShowPageTraceBehavior [ RunTime:0.000225s ]
INFO: [ app_end ] --END-- [ RunTime:0.000325s ]

[ 2021-05-25T16:28:44+08:00 ] ::1 /union/admin.php/System/siteConfig.html
INFO: [ app_init ] --START--
INFO: Run Behavior\BuildLiteBehavior [ RunTime:0.000029s ]
INFO: [ app_init ] --END-- [ RunTime:0.000237s ]
INFO: [ app_begin ] --START--
INFO: Run Behavior\ReadHtmlCacheBehavior [ RunTime:0.000232s ]
INFO: [ app_begin ] --END-- [ RunTime:0.000334s ]
SQL: SHOW COLUMNS FROM `union_system` [ RunTime:0.0032s ]
SQL: UPDATE `union_system` SET `value`='a:3:{s:9:\"copyright\";s:16:\"CMDI管理系统\";s:3:\"icp\";s:20:\"湘ICP备05005862号\";s:5:\"count\";s:15:\"seriouslaoli_NB\";}' WHERE `name` = 'config' [ RunTime:0.0123s ]

[ 2021-05-25T16:28:45+08:00 ] ::1 /union/admin.php/System/siteConfig.html
INFO: [ app_init ] --START--
INFO: Run Behavior\BuildLiteBehavior [ RunTime:0.000054s ]
INFO: [ app_init ] --END-- [ RunTime:0.000323s ]
INFO: [ app_begin ] --START--
INFO: Run Behavior\ReadHtmlCacheBehavior [ RunTime:0.000373s ]
INFO: [ app_begin ] --END-- [ RunTime:0.000596s ]
SQL: SHOW COLUMNS FROM `union_system` [ RunTime:0.0020s ]
SQL: SELECT * FROM `union_system` WHERE `name` = 'config' LIMIT 1   [ RunTime:0.0076s ]
INFO: [ view_parse ] --START--
INFO: [ template_filter ] --START--
INFO: Run Behavior\ContentReplaceBehavior [ RunTime:0.000079s ]
INFO: [ template_filter ] --END-- [ RunTime:0.000156s ]
INFO: Run Behavior\ParseTemplateBehavior [ RunTime:0.004372s ]
INFO: [ view_parse ] --END-- [ RunTime:0.004470s ]
INFO: [ view_filter ] --START--
INFO: Run Behavior\WriteHtmlCacheBehavior [ RunTime:0.000184s ]
INFO: [ view_filter ] --END-- [ RunTime:0.000265s ]
INFO: [ app_end ] --START--
INFO: Run Behavior\ShowPageTraceBehavior [ RunTime:0.000145s ]
INFO: [ app_end ] --END-- [ RunTime:0.000212s ]

[ 2021-05-25T16:28:49+08:00 ] ::1 /union/admin.php/Database/index/type/import.html
INFO: [ app_init ] --START--
INFO: Run Behavior\BuildLiteBehavior [ RunTime:0.000051s ]
INFO: [ app_init ] --END-- [ RunTime:0.000414s ]
INFO: [ app_begin ] --START--
INFO: Run Behavior\ReadHtmlCacheBehavior [ RunTime:0.000249s ]
INFO: [ app_begin ] --END-- [ RunTime:0.000362s ]
NOTIC: [8] Undefined variable: config C:\wamp64\www\union\Application\Admin\Controller\DatabaseController.class.php 第 36 行.
NOTIC: [2] mkdir(): File exists C:\wamp64\www\union\Application\Admin\Controller\DatabaseController.class.php 第 36 行.
INFO: [ view_parse ] --START--
INFO: [ template_filter ] --START--
INFO: Run Behavior\ContentReplaceBehavior [ RunTime:0.000331s ]
INFO: [ template_filter ] --END-- [ RunTime:0.000527s ]
NOTIC: [8] Undefined variable: page C:\wamp64\www\union\Application\Runtime\Cache\Admin\70619b898e29e62c68b1d45593e161aa.php 第 100 行.
INFO: Run Behavior\ParseTemplateBehavior [ RunTime:0.068609s ]
INFO: [ view_parse ] --END-- [ RunTime:0.068739s ]
INFO: [ view_filter ] --START--
INFO: Run Behavior\WriteHtmlCacheBehavior [ RunTime:0.000365s ]
INFO: [ view_filter ] --END-- [ RunTime:0.000498s ]
INFO: [ app_end ] --START--
INFO: Run Behavior\ShowPageTraceBehavior [ RunTime:0.000287s ]
INFO: [ app_end ] --END-- [ RunTime:0.000390s ]

[ 2021-05-25T16:28:50+08:00 ] ::1 /union/admin.php/Database/index/type/export.html
INFO: [ app_init ] --START--
INFO: Run Behavior\BuildLiteBehavior [ RunTime:0.000030s ]
INFO: [ app_init ] --END-- [ RunTime:0.000207s ]
INFO: [ app_begin ] --START--
INFO: Run Behavior\ReadHtmlCacheBehavior [ RunTime:0.000190s ]
INFO: [ app_begin ] --END-- [ RunTime:0.000302s ]
SQL: SHOW TABLE STATUS [ RunTime:0.1103s ]
INFO: [ view_parse ] --START--
INFO: [ template_filter ] --START--
INFO: Run Behavior\ContentReplaceBehavior [ RunTime:0.000133s ]
INFO: [ template_filter ] --END-- [ RunTime:0.000250s ]
NOTIC: [8] Undefined variable: table C:\wamp64\www\union\Application\Runtime\Cache\Admin\65a5c81e2e43da849a7b345f7d20293b.php 第 81 行.
NOTIC: [8] Undefined index: id C:\wamp64\www\union\Application\Runtime\Cache\Admin\65a5c81e2e43da849a7b345f7d20293b.php 第 94 行.
NOTIC: [8] Undefined index: id C:\wamp64\www\union\Application\Runtime\Cache\Admin\65a5c81e2e43da849a7b345f7d20293b.php 第 94 行.
NOTIC: [8] Undefined index: id C:\wamp64\www\union\Application\Runtime\Cache\Admin\65a5c81e2e43da849a7b345f7d20293b.php 第 94 行.
NOTIC: [8] Undefined index: id C:\wamp64\www\union\Application\Runtime\Cache\Admin\65a5c81e2e43da849a7b345f7d20293b.php 第 94 行.
NOTIC: [8] Undefined index: id C:\wamp64\www\union\Application\Runtime\Cache\Admin\65a5c81e2e43da849a7b345f7d20293b.php 第 94 行.
NOTIC: [8] Undefined index: id C:\wamp64\www\union\Application\Runtime\Cache\Admin\65a5c81e2e43da849a7b345f7d20293b.php 第 94 行.
NOTIC: [8] Undefined index: id C:\wamp64\www\union\Application\Runtime\Cache\Admin\65a5c81e2e43da849a7b345f7d20293b.php 第 94 行.
NOTIC: [8] Undefined index: id C:\wamp64\www\union\Application\Runtime\Cache\Admin\65a5c81e2e43da849a7b345f7d20293b.php 第 94 行.
NOTIC: [8] Undefined index: id C:\wamp64\www\union\Application\Runtime\Cache\Admin\65a5c81e2e43da849a7b345f7d20293b.php 第 94 行.
NOTIC: [8] Undefined index: id C:\wamp64\www\union\Application\Runtime\Cache\Admin\65a5c81e2e43da849a7b345f7d20293b.php 第 94 行.
NOTIC: [8] Undefined index: id C:\wamp64\www\union\Application\Runtime\Cache\Admin\65a5c81e2e43da849a7b345f7d20293b.php 第 94 行.
NOTIC: [8] Undefined index: id C:\wamp64\www\union\Application\Runtime\Cache\Admin\65a5c81e2e43da849a7b345f7d20293b.php 第 94 行.
NOTIC: [8] Undefined index: id C:\wamp64\www\union\Application\Runtime\Cache\Admin\65a5c81e2e43da849a7b345f7d20293b.php 第 94 行.
NOTIC: [8] Undefined variable: page C:\wamp64\www\union\Application\Runtime\Cache\Admin\65a5c81e2e43da849a7b345f7d20293b.php 第 120 行.
INFO: Run Behavior\ParseTemplateBehavior [ RunTime:0.063777s ]
INFO: [ view_parse ] --END-- [ RunTime:0.063959s ]
INFO: [ view_filter ] --START--
INFO: Run Behavior\WriteHtmlCacheBehavior [ RunTime:0.000363s ]
INFO: [ view_filter ] --END-- [ RunTime:0.000552s ]
INFO: [ app_end ] --START--
INFO: Run Behavior\ShowPageTraceBehavior [ RunTime:0.000271s ]
INFO: [ app_end ] --END-- [ RunTime:0.000446s ]

[ 2021-05-25T16:28:55+08:00 ] ::1 /union/admin.php/User/addUser.html
INFO: [ app_init ] --START--
INFO: Run Behavior\BuildLiteBehavior [ RunTime:0.000027s ]
INFO: [ app_init ] --END-- [ RunTime:0.000215s ]
INFO: [ app_begin ] --START--
INFO: Run Behavior\ReadHtmlCacheBehavior [ RunTime:0.000219s ]
INFO: [ app_begin ] --END-- [ RunTime:0.000325s ]
SQL: SHOW COLUMNS FROM `union_role` [ RunTime:0.0029s ]
SQL: SELECT * FROM `union_role` WHERE `status` = 0  [ RunTime:0.0005s ]
INFO: [ view_parse ] --START--
INFO: [ template_filter ] --START--
INFO: Run Behavior\ContentReplaceBehavior [ RunTime:0.000257s ]
INFO: [ template_filter ] --END-- [ RunTime:0.000487s ]
INFO: Run Behavior\ParseTemplateBehavior [ RunTime:0.122326s ]
INFO: [ view_parse ] --END-- [ RunTime:0.122671s ]
INFO: [ view_filter ] --START--
INFO: Run Behavior\WriteHtmlCacheBehavior [ RunTime:0.000959s ]
INFO: [ view_filter ] --END-- [ RunTime:0.001387s ]
INFO: [ app_end ] --START--
INFO: Run Behavior\ShowPageTraceBehavior [ RunTime:0.000883s ]
INFO: [ app_end ] --END-- [ RunTime:0.001287s ]

[ 2021-05-25T16:28:57+08:00 ] ::1 /union/admin.php/User/userList.html
INFO: [ app_init ] --START--
INFO: Run Behavior\BuildLiteBehavior [ RunTime:0.000031s ]
INFO: [ app_init ] --END-- [ RunTime:0.000198s ]
INFO: [ app_begin ] --START--
INFO: Run Behavior\ReadHtmlCacheBehavior [ RunTime:0.000408s ]
INFO: [ app_begin ] --END-- [ RunTime:0.000542s ]
SQL: SHOW COLUMNS FROM `union_admin` [ RunTime:0.0026s ]
SQL: SELECT COUNT(*) AS tp_count FROM `union_admin` LIMIT 1   [ RunTime:0.0004s ]
SQL: SELECT union_admin.id,union_admin.username,union_admin.last_login_ip,union_admin.last_login_time,union_admin.create_time,union_admin.update_time,union_admin.status,union_role.name FROM `union_admin` LEFT JOIN union_role on union_admin.role_id = union_role.id  LIMIT 0,10   [ RunTime:0.0007s ]
INFO: [ view_parse ] --START--
INFO: [ template_filter ] --START--
INFO: Run Behavior\ContentReplaceBehavior [ RunTime:0.000146s ]
INFO: [ template_filter ] --END-- [ RunTime:0.000270s ]
INFO: Run Behavior\ParseTemplateBehavior [ RunTime:0.070723s ]
INFO: [ view_parse ] --END-- [ RunTime:0.070910s ]
INFO: [ view_filter ] --START--
INFO: Run Behavior\WriteHtmlCacheBehavior [ RunTime:0.000601s ]
INFO: [ view_filter ] --END-- [ RunTime:0.000821s ]
INFO: [ app_end ] --START--
INFO: Run Behavior\ShowPageTraceBehavior [ RunTime:0.000594s ]
INFO: [ app_end ] --END-- [ RunTime:0.000758s ]

[ 2021-05-25T16:29:02+08:00 ] ::1 /union/admin.php/User/userList.html
INFO: [ app_init ] --START--
INFO: Run Behavior\BuildLiteBehavior [ RunTime:0.000033s ]
INFO: [ app_init ] --END-- [ RunTime:0.000338s ]
INFO: [ app_begin ] --START--
INFO: Run Behavior\ReadHtmlCacheBehavior [ RunTime:0.000243s ]
INFO: [ app_begin ] --END-- [ RunTime:0.000365s ]
SQL: SHOW COLUMNS FROM `union_admin` [ RunTime:0.0095s ]
SQL: SELECT COUNT(*) AS tp_count FROM `union_admin` LIMIT 1   [ RunTime:0.0004s ]
SQL: SELECT union_admin.id,union_admin.username,union_admin.last_login_ip,union_admin.last_login_time,union_admin.create_time,union_admin.update_time,union_admin.status,union_role.name FROM `union_admin` LEFT JOIN union_role on union_admin.role_id = union_role.id  LIMIT 0,10   [ RunTime:0.0011s ]
INFO: [ view_parse ] --START--
INFO: [ template_filter ] --START--
INFO: Run Behavior\ContentReplaceBehavior [ RunTime:0.000131s ]
INFO: [ template_filter ] --END-- [ RunTime:0.000262s ]
INFO: Run Behavior\ParseTemplateBehavior [ RunTime:0.060596s ]
INFO: [ view_parse ] --END-- [ RunTime:0.060717s ]
INFO: [ view_filter ] --START--
INFO: Run Behavior\WriteHtmlCacheBehavior [ RunTime:0.000278s ]
INFO: [ view_filter ] --END-- [ RunTime:0.000357s ]
INFO: [ app_end ] --START--
INFO: Run Behavior\ShowPageTraceBehavior [ RunTime:0.000167s ]
INFO: [ app_end ] --END-- [ RunTime:0.000235s ]

[ 2021-05-25T16:29:08+08:00 ] ::1 /union/admin.php/Proposal/addProposal.html
INFO: [ app_init ] --START--
INFO: Run Behavior\BuildLiteBehavior [ RunTime:0.000032s ]
INFO: [ app_init ] --END-- [ RunTime:0.000250s ]
INFO: [ app_begin ] --START--
INFO: Run Behavior\ReadHtmlCacheBehavior [ RunTime:0.000406s ]
INFO: [ app_begin ] --END-- [ RunTime:0.000590s ]
INFO: [ view_parse ] --START--
INFO: [ template_filter ] --START--
INFO: Run Behavior\ContentReplaceBehavior [ RunTime:0.000135s ]
INFO: [ template_filter ] --END-- [ RunTime:0.000271s ]
INFO: Run Behavior\ParseTemplateBehavior [ RunTime:0.047871s ]
INFO: [ view_parse ] --END-- [ RunTime:0.048021s ]
INFO: [ view_filter ] --START--
INFO: Run Behavior\WriteHtmlCacheBehavior [ RunTime:0.000343s ]
INFO: [ view_filter ] --END-- [ RunTime:0.000482s ]
INFO: [ app_end ] --START--
INFO: Run Behavior\ShowPageTraceBehavior [ RunTime:0.000252s ]
INFO: [ app_end ] --END-- [ RunTime:0.000371s ]

[ 2021-05-25T16:29:11+08:00 ] ::1 /union/admin.php/Proposal/proposalList.html
INFO: [ app_init ] --START--
INFO: Run Behavior\BuildLiteBehavior [ RunTime:0.000060s ]
INFO: [ app_init ] --END-- [ RunTime:0.000643s ]
INFO: [ app_begin ] --START--
INFO: Run Behavior\ReadHtmlCacheBehavior [ RunTime:0.000398s ]
INFO: [ app_begin ] --END-- [ RunTime:0.000588s ]
SQL: SHOW COLUMNS FROM `union_proposal` [ RunTime:0.0020s ]
SQL: SELECT COUNT(*) AS tp_count FROM `union_proposal` LIMIT 1   [ RunTime:0.0008s ]
SQL: SELECT * FROM `union_proposal` ORDER BY create_time desc LIMIT 0,10   [ RunTime:0.0005s ]
INFO: [ view_parse ] --START--
INFO: [ template_filter ] --START--
INFO: Run Behavior\ContentReplaceBehavior [ RunTime:0.000097s ]
INFO: [ template_filter ] --END-- [ RunTime:0.000174s ]
NOTIC: [8] Undefined variable: newslist C:\wamp64\www\union\Application\Runtime\Cache\Admin\d82e9232099ecc64c1065248c7c67c07.php 第 101 行.
INFO: Run Behavior\ParseTemplateBehavior [ RunTime:0.077992s ]
INFO: [ view_parse ] --END-- [ RunTime:0.078122s ]
INFO: [ view_filter ] --START--
INFO: Run Behavior\WriteHtmlCacheBehavior [ RunTime:0.000286s ]
INFO: [ view_filter ] --END-- [ RunTime:0.000413s ]
INFO: [ app_end ] --START--
INFO: Run Behavior\ShowPageTraceBehavior [ RunTime:0.000245s ]
INFO: [ app_end ] --END-- [ RunTime:0.000365s ]

[ 2021-05-25T16:29:17+08:00 ] ::1 /union/admin.php/Cost/costList.html
INFO: [ app_init ] --START--
INFO: Run Behavior\BuildLiteBehavior [ RunTime:0.000073s ]
INFO: [ app_init ] --END-- [ RunTime:0.000454s ]
INFO: [ app_begin ] --START--
INFO: Run Behavior\ReadHtmlCacheBehavior [ RunTime:0.000245s ]
INFO: [ app_begin ] --END-- [ RunTime:0.000373s ]
SQL: SHOW COLUMNS FROM `union_cost` [ RunTime:0.0034s ]
SQL: SELECT COUNT(*) AS tp_count FROM `union_cost` LIMIT 1   [ RunTime:0.0069s ]
SQL: SELECT * FROM `union_cost` ORDER BY create_time desc LIMIT 0,10   [ RunTime:0.0005s ]
INFO: [ view_parse ] --START--
INFO: [ template_filter ] --START--
INFO: Run Behavior\ContentReplaceBehavior [ RunTime:0.000125s ]
INFO: [ template_filter ] --END-- [ RunTime:0.000246s ]
INFO: Run Behavior\ParseTemplateBehavior [ RunTime:0.052707s ]
INFO: [ view_parse ] --END-- [ RunTime:0.052857s ]
INFO: [ view_filter ] --START--
INFO: Run Behavior\WriteHtmlCacheBehavior [ RunTime:0.000416s ]
INFO: [ view_filter ] --END-- [ RunTime:0.000589s ]
INFO: [ app_end ] --START--
INFO: Run Behavior\ShowPageTraceBehavior [ RunTime:0.000376s ]
INFO: [ app_end ] --END-- [ RunTime:0.000570s ]

[ 2021-05-25T16:30:48+08:00 ] ::1 /union/admin.php/login/logout.html
INFO: [ app_init ] --START--
INFO: Run Behavior\BuildLiteBehavior [ RunTime:0.000035s ]
INFO: [ app_init ] --END-- [ RunTime:0.000326s ]
INFO: [ app_begin ] --START--
INFO: Run Behavior\ReadHtmlCacheBehavior [ RunTime:0.000653s ]
INFO: [ app_begin ] --END-- [ RunTime:0.000884s ]

[ 2021-05-25T16:30:49+08:00 ] ::1 /union/admin.php/index/index.html
INFO: [ app_init ] --START--
INFO: Run Behavior\BuildLiteBehavior [ RunTime:0.000045s ]
INFO: [ app_init ] --END-- [ RunTime:0.000275s ]
INFO: [ app_begin ] --START--
INFO: Run Behavior\ReadHtmlCacheBehavior [ RunTime:0.000402s ]
INFO: [ app_begin ] --END-- [ RunTime:0.000521s ]
SQL: SHOW COLUMNS FROM `union_admin` [ RunTime:0.0025s ]
SQL: SELECT `role_id` FROM `union_admin` WHERE `id` = null LIMIT 1   [ RunTime:0.0010s ]
SQL: SHOW COLUMNS FROM `union_role` [ RunTime:0.0022s ]
SQL: SELECT `auth` FROM `union_role` WHERE `id` = null LIMIT 1   [ RunTime:0.0016s ]
SQL: SELECT `username` FROM `union_admin` WHERE `id` = null LIMIT 1   [ RunTime:0.0004s ]
SQL: SELECT `images_id` FROM `union_admin` WHERE `id` = null LIMIT 1   [ RunTime:0.0003s ]
SQL: SELECT `name` FROM `union_role` WHERE `id` = null LIMIT 1   [ RunTime:0.0003s ]
INFO: [ view_parse ] --START--
INFO: [ template_filter ] --START--
INFO: Run Behavior\ContentReplaceBehavior [ RunTime:0.000364s ]
INFO: [ template_filter ] --END-- [ RunTime:0.000681s ]
NOTIC: [2] in_array() expects parameter 2 to be array, bool given C:\wamp64\www\union\Application\Runtime\Cache\Admin\b595b808c2ebeeeb0478ffc30bb4e87a.php 第 64 行.
NOTIC: [2] in_array() expects parameter 2 to be array, bool given C:\wamp64\www\union\Application\Runtime\Cache\Admin\b595b808c2ebeeeb0478ffc30bb4e87a.php 第 72 行.
NOTIC: [2] in_array() expects parameter 2 to be array, bool given C:\wamp64\www\union\Application\Runtime\Cache\Admin\b595b808c2ebeeeb0478ffc30bb4e87a.php 第 80 行.
NOTIC: [2] in_array() expects parameter 2 to be array, bool given C:\wamp64\www\union\Application\Runtime\Cache\Admin\b595b808c2ebeeeb0478ffc30bb4e87a.php 第 91 行.
NOTIC: [2] in_array() expects parameter 2 to be array, bool given C:\wamp64\www\union\Application\Runtime\Cache\Admin\b595b808c2ebeeeb0478ffc30bb4e87a.php 第 99 行.
NOTIC: [2] in_array() expects parameter 2 to be array, bool given C:\wamp64\www\union\Application\Runtime\Cache\Admin\b595b808c2ebeeeb0478ffc30bb4e87a.php 第 105 行.
NOTIC: [2] in_array() expects parameter 2 to be array, bool given C:\wamp64\www\union\Application\Runtime\Cache\Admin\b595b808c2ebeeeb0478ffc30bb4e87a.php 第 114 行.
NOTIC: [2] in_array() expects parameter 2 to be array, bool given C:\wamp64\www\union\Application\Runtime\Cache\Admin\b595b808c2ebeeeb0478ffc30bb4e87a.php 第 122 行.
NOTIC: [2] in_array() expects parameter 2 to be array, bool given C:\wamp64\www\union\Application\Runtime\Cache\Admin\b595b808c2ebeeeb0478ffc30bb4e87a.php 第 128 行.
NOTIC: [2] in_array() expects parameter 2 to be array, bool given C:\wamp64\www\union\Application\Runtime\Cache\Admin\b595b808c2ebeeeb0478ffc30bb4e87a.php 第 137 行.
NOTIC: [2] in_array() expects parameter 2 to be array, bool given C:\wamp64\www\union\Application\Runtime\Cache\Admin\b595b808c2ebeeeb0478ffc30bb4e87a.php 第 145 行.
NOTIC: [2] in_array() expects parameter 2 to be array, bool given C:\wamp64\www\union\Application\Runtime\Cache\Admin\b595b808c2ebeeeb0478ffc30bb4e87a.php 第 151 行.
NOTIC: [2] in_array() expects parameter 2 to be array, bool given C:\wamp64\www\union\Application\Runtime\Cache\Admin\b595b808c2ebeeeb0478ffc30bb4e87a.php 第 157 行.
NOTIC: [2] in_array() expects parameter 2 to be array, bool given C:\wamp64\www\union\Application\Runtime\Cache\Admin\b595b808c2ebeeeb0478ffc30bb4e87a.php 第 163 行.
NOTIC: [2] in_array() expects parameter 2 to be array, bool given C:\wamp64\www\union\Application\Runtime\Cache\Admin\b595b808c2ebeeeb0478ffc30bb4e87a.php 第 172 行.
NOTIC: [2] in_array() expects parameter 2 to be array, bool given C:\wamp64\www\union\Application\Runtime\Cache\Admin\b595b808c2ebeeeb0478ffc30bb4e87a.php 第 180 行.
NOTIC: [2] in_array() expects parameter 2 to be array, bool given C:\wamp64\www\union\Application\Runtime\Cache\Admin\b595b808c2ebeeeb0478ffc30bb4e87a.php 第 186 行.
NOTIC: [2] in_array() expects parameter 2 to be array, bool given C:\wamp64\www\union\Application\Runtime\Cache\Admin\b595b808c2ebeeeb0478ffc30bb4e87a.php 第 195 行.
NOTIC: [2] in_array() expects parameter 2 to be array, bool given C:\wamp64\www\union\Application\Runtime\Cache\Admin\b595b808c2ebeeeb0478ffc30bb4e87a.php 第 203 行.
NOTIC: [2] in_array() expects parameter 2 to be array, bool given C:\wamp64\www\union\Application\Runtime\Cache\Admin\b595b808c2ebeeeb0478ffc30bb4e87a.php 第 215 行.
NOTIC: [2] in_array() expects parameter 2 to be array, bool given C:\wamp64\www\union\Application\Runtime\Cache\Admin\b595b808c2ebeeeb0478ffc30bb4e87a.php 第 223 行.
NOTIC: [2] in_array() expects parameter 2 to be array, bool given C:\wamp64\www\union\Application\Runtime\Cache\Admin\b595b808c2ebeeeb0478ffc30bb4e87a.php 第 229 行.
NOTIC: [2] in_array() expects parameter 2 to be array, bool given C:\wamp64\www\union\Application\Runtime\Cache\Admin\b595b808c2ebeeeb0478ffc30bb4e87a.php 第 238 行.
NOTIC: [2] in_array() expects parameter 2 to be array, bool given C:\wamp64\www\union\Application\Runtime\Cache\Admin\b595b808c2ebeeeb0478ffc30bb4e87a.php 第 246 行.
NOTIC: [2] in_array() expects parameter 2 to be array, bool given C:\wamp64\www\union\Application\Runtime\Cache\Admin\b595b808c2ebeeeb0478ffc30bb4e87a.php 第 252 行.
NOTIC: [2] in_array() expects parameter 2 to be array, bool given C:\wamp64\www\union\Application\Runtime\Cache\Admin\b595b808c2ebeeeb0478ffc30bb4e87a.php 第 261 行.
NOTIC: [2] in_array() expects parameter 2 to be array, bool given C:\wamp64\www\union\Application\Runtime\Cache\Admin\b595b808c2ebeeeb0478ffc30bb4e87a.php 第 269 行.
NOTIC: [2] in_array() expects parameter 2 to be array, bool given C:\wamp64\www\union\Application\Runtime\Cache\Admin\b595b808c2ebeeeb0478ffc30bb4e87a.php 第 275 行.
NOTIC: [2] in_array() expects parameter 2 to be array, bool given C:\wamp64\www\union\Application\Runtime\Cache\Admin\b595b808c2ebeeeb0478ffc30bb4e87a.php 第 284 行.
NOTIC: [2] in_array() expects parameter 2 to be array, bool given C:\wamp64\www\union\Application\Runtime\Cache\Admin\b595b808c2ebeeeb0478ffc30bb4e87a.php 第 291 行.
NOTIC: [2] in_array() expects parameter 2 to be array, bool given C:\wamp64\www\union\Application\Runtime\Cache\Admin\b595b808c2ebeeeb0478ffc30bb4e87a.php 第 299 行.
NOTIC: [2] in_array() expects parameter 2 to be array, bool given C:\wamp64\www\union\Application\Runtime\Cache\Admin\b595b808c2ebeeeb0478ffc30bb4e87a.php 第 307 行.
INFO: Run Behavior\ParseTemplateBehavior [ RunTime:0.346126s ]
INFO: [ view_parse ] --END-- [ RunTime:0.346311s ]
INFO: [ view_filter ] --START--
INFO: Run Behavior\WriteHtmlCacheBehavior [ RunTime:0.000497s ]
INFO: [ view_filter ] --END-- [ RunTime:0.000621s ]
INFO: [ app_end ] --START--
INFO: Run Behavior\ShowPageTraceBehavior [ RunTime:0.000434s ]
INFO: [ app_end ] --END-- [ RunTime:0.000582s ]

[ 2021-05-25T16:30:49+08:00 ] ::1 /union/admin.php/login/index.html
INFO: [ app_init ] --START--
INFO: Run Behavior\BuildLiteBehavior [ RunTime:0.000030s ]
INFO: [ app_init ] --END-- [ RunTime:0.000196s ]
INFO: [ app_begin ] --START--
INFO: Run Behavior\ReadHtmlCacheBehavior [ RunTime:0.000190s ]
INFO: [ app_begin ] --END-- [ RunTime:0.000310s ]
INFO: [ view_parse ] --START--
INFO: [ template_filter ] --START--
INFO: Run Behavior\ContentReplaceBehavior [ RunTime:0.000146s ]
INFO: [ template_filter ] --END-- [ RunTime:0.000346s ]
INFO: Run Behavior\ParseTemplateBehavior [ RunTime:0.035116s ]
INFO: [ view_parse ] --END-- [ RunTime:0.035268s ]
INFO: [ view_filter ] --START--
INFO: Run Behavior\WriteHtmlCacheBehavior [ RunTime:0.000199s ]
INFO: [ view_filter ] --END-- [ RunTime:0.000319s ]
INFO: [ app_end ] --START--
INFO: Run Behavior\ShowPageTraceBehavior [ RunTime:0.000184s ]
INFO: [ app_end ] --END-- [ RunTime:0.000275s ]

[ 2021-05-25T16:30:49+08:00 ] ::1 /union/admin.php/Login/verify.html
INFO: [ app_init ] --START--
INFO: Run Behavior\BuildLiteBehavior [ RunTime:0.000035s ]
INFO: [ app_init ] --END-- [ RunTime:0.000202s ]
INFO: [ app_begin ] --START--
INFO: Run Behavior\ReadHtmlCacheBehavior [ RunTime:0.000211s ]
INFO: [ app_begin ] --END-- [ RunTime:0.000364s ]
INFO: [ app_end ] --START--
INFO: Run Behavior\ShowPageTraceBehavior [ RunTime:0.000322s ]
INFO: [ app_end ] --END-- [ RunTime:0.000496s ]

